<?xml version="1.0" encoding="UTF-8"?>
<testsuites name="Run all test cases" time="2931.308" tests="62" failures="5" errors="0">
   <testsuite name="Run all test cases" tests="62" failures="5" errors="0" time="2931.308" skipped="0" timestamp="2022-01-15 20:19:41" hostname="congt - DESKTOP-8K6N713" id="Test Suites/Run all test cases">
      <properties>
[...]
</properties>
      <testcase name="Test Cases/1_admin đăng nhập thành công" time="15.37" classname="Test Cases/1_admin đăng nhập thành công" status="PASSED">
         <system-out><![CDATA[2022-01-15 20:19:42 - [TEST_CASE][PASSED] - Test Cases/1_admin đăng nhập thành công: Test Cases/1_admin đăng nhập thành công

2022-01-15 20:19:42 - [TEST_STEP][PASSED] - openBrowser(""): Browser is opened with url: ''

2022-01-15 20:19:43 - [MESSAGE][INFO] - Starting 'Chrome' driver

2022-01-15 20:19:43 - [MESSAGE][INFO] - Action delay is set to 0 milliseconds

2022-01-15 20:19:44 - [MESSAGE][PASSED] - Browser is opened with url: ''

2022-01-15 20:19:44 - [TEST_STEP][PASSED] - navigateToUrl("http://localhost/"): Navigate to 'http://localhost/' successfully

2022-01-15 20:19:51 - [MESSAGE][PASSED] - Navigate to 'http://localhost/' successfully

2022-01-15 20:19:51 - [TEST_STEP][PASSED] - click(findTestObject("Object Repository/Page_HCMUS/a_Log in")): Object: 'Object Repository/Page_HCMUS/a_Log in' is clicked on

2022-01-15 20:19:52 - [MESSAGE][PASSED] - Object: 'Object Repository/Page_HCMUS/a_Log in' is clicked on

2022-01-15 20:19:52 - [TEST_STEP][PASSED] - setText(findTestObject("Object Repository/Page_HCMUS Log in to the site/input_Username_username"), "admin"): Text 'admin' is set on object 'Object Repository/Page_HCMUS Log in to the site/input_Username_username'

2022-01-15 20:19:52 - [MESSAGE][PASSED] - Text 'admin' is set on object 'Object Repository/Page_HCMUS Log in to the site/input_Username_username'

2022-01-15 20:19:52 - [TEST_STEP][PASSED] - setEncryptedText(findTestObject("Object Repository/Page_HCMUS Log in to the site/input_Password_password"), "5MU2PI2jvJCK/lBTYOwt6g=="): Text ****** has been set on object 'Object Repository/Page_HCMUS Log in to the site/input_Password_password'

2022-01-15 20:19:53 - [MESSAGE][PASSED] - Text ****** has been set on object 'Object Repository/Page_HCMUS Log in to the site/input_Password_password'

2022-01-15 20:19:53 - [TEST_STEP][PASSED] - click(findTestObject("Object Repository/Page_HCMUS Log in to the site/button_Log in")): Object: 'Object Repository/Page_HCMUS Log in to the site/button_Log in' is clicked on

2022-01-15 20:19:55 - [MESSAGE][PASSED] - Object: 'Object Repository/Page_HCMUS Log in to the site/button_Log in' is clicked on

2022-01-15 20:19:55 - [TEST_STEP][PASSED] - verifyElementVisible(findTestObject("Object Repository/Page_Dashboard/span_Admin User")): Object 'Object Repository/Page_Dashboard/span_Admin User' is visible

2022-01-15 20:19:56 - [MESSAGE][PASSED] - Object 'Object Repository/Page_Dashboard/span_Admin User' is visible

2022-01-15 20:19:56 - [TEST_STEP][PASSED] - closeBrowser(): Browser is closed

2022-01-15 20:19:57 - [MESSAGE][PASSED] - Browser is closed]]></system-out>
         <system-err><![CDATA[]]></system-err>
      </testcase>
      <testcase name="Test Cases/2_admin đăng nhập thất bại" time="12.634" classname="Test Cases/2_admin đăng nhập thất bại" status="PASSED">
         <system-out><![CDATA[2022-01-15 20:19:57 - [TEST_CASE][PASSED] - Test Cases/2_admin đăng nhập thất bại: Test Cases/2_admin đăng nhập thất bại

2022-01-15 20:19:58 - [TEST_STEP][PASSED] - openBrowser(""): Browser is opened with url: ''

2022-01-15 20:19:58 - [MESSAGE][INFO] - Starting 'Chrome' driver

2022-01-15 20:19:58 - [MESSAGE][INFO] - Action delay is set to 0 milliseconds

2022-01-15 20:19:59 - [MESSAGE][PASSED] - Browser is opened with url: ''

2022-01-15 20:19:59 - [TEST_STEP][PASSED] - navigateToUrl("http://localhost/"): Navigate to 'http://localhost/' successfully

2022-01-15 20:19:59 - [MESSAGE][PASSED] - Navigate to 'http://localhost/' successfully

2022-01-15 20:19:59 - [TEST_STEP][PASSED] - click(findTestObject("Object Repository/Page_HCMUS/a_Log in")): Object: 'Object Repository/Page_HCMUS/a_Log in' is clicked on

2022-01-15 20:20:00 - [MESSAGE][PASSED] - Object: 'Object Repository/Page_HCMUS/a_Log in' is clicked on

2022-01-15 20:20:00 - [TEST_STEP][PASSED] - setText(findTestObject("Object Repository/Page_HCMUS Log in to the site/input_Username_username"), "admin1234"): Text 'admin1234' is set on object 'Object Repository/Page_HCMUS Log in to the site/input_Username_username'

2022-01-15 20:20:01 - [MESSAGE][PASSED] - Text 'admin1234' is set on object 'Object Repository/Page_HCMUS Log in to the site/input_Username_username'

2022-01-15 20:20:01 - [TEST_STEP][PASSED] - setEncryptedText(findTestObject("Object Repository/Page_HCMUS Log in to the site/input_Password_password"), "5MU2PI2jvJCK/lBTYOwt6g=="): Text ****** has been set on object 'Object Repository/Page_HCMUS Log in to the site/input_Password_password'

2022-01-15 20:20:01 - [MESSAGE][PASSED] - Text ****** has been set on object 'Object Repository/Page_HCMUS Log in to the site/input_Password_password'

2022-01-15 20:20:01 - [TEST_STEP][PASSED] - click(findTestObject("Object Repository/Page_HCMUS Log in to the site/button_Log in")): Object: 'Object Repository/Page_HCMUS Log in to the site/button_Log in' is clicked on

2022-01-15 20:20:02 - [MESSAGE][PASSED] - Object: 'Object Repository/Page_HCMUS Log in to the site/button_Log in' is clicked on

2022-01-15 20:20:02 - [TEST_STEP][PASSED] - click(findTestObject("Object Repository/Page_HCMUS Log in to the site/div_Invalid login, please try again")): Object: 'Object Repository/Page_HCMUS Log in to the site/div_Invalid login, please try again' is clicked on

2022-01-15 20:20:02 - [MESSAGE][PASSED] - Object: 'Object Repository/Page_HCMUS Log in to the site/div_Invalid login, please try again' is clicked on

2022-01-15 20:20:02 - [TEST_STEP][PASSED] - verifyElementVisible(findTestObject("Object Repository/Page_HCMUS Log in to the site/div_Invalid login, please try again_1")): Object 'Object Repository/Page_HCMUS Log in to the site/div_Invalid login, please try again_1' is visible

2022-01-15 20:20:09 - [MESSAGE][INFO] - Unable to find the element located by 'By.xpath: //div[@id='yui_3_17_2_1_1641916242453_20']'. Please recheck the objects properties to make sure the desired element is located. 

2022-01-15 20:20:09 - [MESSAGE][WARNING] - [SELF-HEALING] Failed to find element with id 'Object Repository/Page_HCMUS Log in to the site/div_Invalid login, please try again_1'. Try using Self-healing.

2022-01-15 20:20:09 - [MESSAGE][WARNING] - [SELF-HEALING] The current locator of test object 'Object Repository/Page_HCMUS Log in to the site/div_Invalid login, please try again_1' was broken. Propose an alternative one: '(.//*[normalize-space(text()) and normalize-space(.)='HCMUS'])[1]/following::div[3]'.

2022-01-15 20:20:09 - [MESSAGE][PASSED] - Object 'Object Repository/Page_HCMUS Log in to the site/div_Invalid login, please try again_1' is visible

2022-01-15 20:20:09 - [TEST_STEP][PASSED] - closeBrowser(): Browser is closed

2022-01-15 20:20:10 - [MESSAGE][PASSED] - Browser is closed]]></system-out>
         <system-err><![CDATA[]]></system-err>
      </testcase>
      <testcase name="Test Cases/3_tạo tài khoản và bắt buộc thay đổi mật khẩu" time="36.428" classname="Test Cases/3_tạo tài khoản và bắt buộc thay đổi mật khẩu" status="PASSED">
         <system-out><![CDATA[2022-01-15 20:20:10 - [TEST_CASE][PASSED] - Test Cases/3_tạo tài khoản và bắt buộc thay đổi mật khẩu: Test Cases/3_tạo tài khoản và bắt buộc thay đổi mật khẩu

2022-01-15 20:20:10 - [TEST_STEP][PASSED] - openBrowser(""): Browser is opened with url: ''

2022-01-15 20:20:10 - [MESSAGE][INFO] - Starting 'Chrome' driver

2022-01-15 20:20:10 - [MESSAGE][INFO] - Action delay is set to 0 milliseconds

2022-01-15 20:20:11 - [MESSAGE][PASSED] - Browser is opened with url: ''

2022-01-15 20:20:11 - [TEST_STEP][PASSED] - navigateToUrl("http://localhost/"): Navigate to 'http://localhost/' successfully

2022-01-15 20:20:12 - [MESSAGE][PASSED] - Navigate to 'http://localhost/' successfully

2022-01-15 20:20:12 - [TEST_STEP][PASSED] - click(findTestObject("Object Repository/Page_HCMUS/a_Log in")): Object: 'Object Repository/Page_HCMUS/a_Log in' is clicked on

2022-01-15 20:20:13 - [MESSAGE][PASSED] - Object: 'Object Repository/Page_HCMUS/a_Log in' is clicked on

2022-01-15 20:20:13 - [TEST_STEP][PASSED] - setText(findTestObject("Object Repository/Page_HCMUS Log in to the site/input_Username_username"), "admin"): Text 'admin' is set on object 'Object Repository/Page_HCMUS Log in to the site/input_Username_username'

2022-01-15 20:20:14 - [MESSAGE][PASSED] - Text 'admin' is set on object 'Object Repository/Page_HCMUS Log in to the site/input_Username_username'

2022-01-15 20:20:14 - [TEST_STEP][PASSED] - setEncryptedText(findTestObject("Object Repository/Page_HCMUS Log in to the site/input_Password_password"), "5MU2PI2jvJCK/lBTYOwt6g=="): Text ****** has been set on object 'Object Repository/Page_HCMUS Log in to the site/input_Password_password'

2022-01-15 20:20:14 - [MESSAGE][PASSED] - Text ****** has been set on object 'Object Repository/Page_HCMUS Log in to the site/input_Password_password'

2022-01-15 20:20:14 - [TEST_STEP][PASSED] - click(findTestObject("Object Repository/Page_HCMUS Log in to the site/button_Log in")): Object: 'Object Repository/Page_HCMUS Log in to the site/button_Log in' is clicked on

2022-01-15 20:20:15 - [MESSAGE][PASSED] - Object: 'Object Repository/Page_HCMUS Log in to the site/button_Log in' is clicked on

2022-01-15 20:20:15 - [TEST_STEP][PASSED] - click(findTestObject("Object Repository/Page_Dashboard/span_Site administration")): Object: 'Object Repository/Page_Dashboard/span_Site administration' is clicked on

2022-01-15 20:20:20 - [MESSAGE][PASSED] - Object: 'Object Repository/Page_Dashboard/span_Site administration' is clicked on

2022-01-15 20:20:20 - [TEST_STEP][PASSED] - click(findTestObject("Object Repository/Page_KHTN Administration Search/a_Users")): Object: 'Object Repository/Page_KHTN Administration Search/a_Users' is clicked on

2022-01-15 20:20:20 - [MESSAGE][PASSED] - Object: 'Object Repository/Page_KHTN Administration Search/a_Users' is clicked on

2022-01-15 20:20:20 - [TEST_STEP][PASSED] - click(findTestObject("Object Repository/Page_KHTN Administration Search/a_Add a new user")): Object: 'Object Repository/Page_KHTN Administration Search/a_Add a new user' is clicked on

2022-01-15 20:20:22 - [MESSAGE][PASSED] - Object: 'Object Repository/Page_KHTN Administration Search/a_Add a new user' is clicked on

2022-01-15 20:20:22 - [TEST_STEP][PASSED] - setText(findTestObject("Object Repository/Page_KHTN Administration Users Accounts Add_aad8ed/input_Username_username"), "student11"): Text 'student11' is set on object 'Object Repository/Page_KHTN Administration Users Accounts Add_aad8ed/input_Username_username'

2022-01-15 20:20:24 - [MESSAGE][PASSED] - Text 'student11' is set on object 'Object Repository/Page_KHTN Administration Users Accounts Add_aad8ed/input_Username_username'

2022-01-15 20:20:24 - [TEST_STEP][PASSED] - click(findTestObject("Object Repository/Page_KHTN Administration Users Accounts Add_aad8ed/em_Click to enter text")): Object: 'Object Repository/Page_KHTN Administration Users Accounts Add_aad8ed/em_Click to enter text' is clicked on

2022-01-15 20:20:24 - [MESSAGE][PASSED] - Object: 'Object Repository/Page_KHTN Administration Users Accounts Add_aad8ed/em_Click to enter text' is clicked on

2022-01-15 20:20:24 - [TEST_STEP][PASSED] - setEncryptedText(findTestObject("Object Repository/Page_KHTN Administration Users Accounts Add_aad8ed/input_New password_newpassword"), "5MU2PI2jvJCK/lBTYOwt6g=="): Text ****** has been set on object 'Object Repository/Page_KHTN Administration Users Accounts Add_aad8ed/input_New password_newpassword'

2022-01-15 20:20:25 - [MESSAGE][PASSED] - Text ****** has been set on object 'Object Repository/Page_KHTN Administration Users Accounts Add_aad8ed/input_New password_newpassword'

2022-01-15 20:20:25 - [TEST_STEP][PASSED] - setText(findTestObject("Object Repository/Page_KHTN Administration Users Accounts Add_aad8ed/input_First name_firstname"), "Student"): Text 'Student' is set on object 'Object Repository/Page_KHTN Administration Users Accounts Add_aad8ed/input_First name_firstname'

2022-01-15 20:20:25 - [MESSAGE][PASSED] - Text 'Student' is set on object 'Object Repository/Page_KHTN Administration Users Accounts Add_aad8ed/input_First name_firstname'

2022-01-15 20:20:25 - [TEST_STEP][PASSED] - setText(findTestObject("Object Repository/Page_KHTN Administration Users Accounts Add_aad8ed/input_Surname_lastname"), "Zack"): Text 'Zack' is set on object 'Object Repository/Page_KHTN Administration Users Accounts Add_aad8ed/input_Surname_lastname'

2022-01-15 20:20:26 - [MESSAGE][PASSED] - Text 'Zack' is set on object 'Object Repository/Page_KHTN Administration Users Accounts Add_aad8ed/input_Surname_lastname'

2022-01-15 20:20:26 - [TEST_STEP][PASSED] - setText(findTestObject("Object Repository/Page_KHTN Administration Users Accounts Add_aad8ed/input_Email address_email"), "s11@example.com"): Text 's11@example.com' is set on object 'Object Repository/Page_KHTN Administration Users Accounts Add_aad8ed/input_Email address_email'

2022-01-15 20:20:27 - [MESSAGE][PASSED] - Text 's11@example.com' is set on object 'Object Repository/Page_KHTN Administration Users Accounts Add_aad8ed/input_Email address_email'

2022-01-15 20:20:27 - [TEST_STEP][PASSED] - click(findTestObject("Object Repository/Page_KHTN Administration Users Accounts Add_aad8ed/input_Press enter to save changes_preferenc_a80a7a")): Object: 'Object Repository/Page_KHTN Administration Users Accounts Add_aad8ed/input_Press enter to save changes_preferenc_a80a7a' is clicked on

2022-01-15 20:20:28 - [MESSAGE][PASSED] - Object: 'Object Repository/Page_KHTN Administration Users Accounts Add_aad8ed/input_Press enter to save changes_preferenc_a80a7a' is clicked on

2022-01-15 20:20:28 - [TEST_STEP][PASSED] - click(findTestObject("Object Repository/Page_KHTN Administration Users Accounts Add_aad8ed/input_Address_submitbutton")): Object: 'Object Repository/Page_KHTN Administration Users Accounts Add_aad8ed/input_Address_submitbutton' is clicked on

2022-01-15 20:20:30 - [MESSAGE][PASSED] - Object: 'Object Repository/Page_KHTN Administration Users Accounts Add_aad8ed/input_Address_submitbutton' is clicked on

2022-01-15 20:20:30 - [TEST_STEP][PASSED] - navigateToUrl("http://localhost/admin/user.php"): Navigate to 'http://localhost/admin/user.php' successfully

2022-01-15 20:20:30 - [MESSAGE][PASSED] - Navigate to 'http://localhost/admin/user.php' successfully

2022-01-15 20:20:30 - [TEST_STEP][PASSED] - verifyElementVisible(findTestObject("Object Repository/Page_KHTN Administration Users Accounts Bro_45ce40/div_Changes saved")): Object 'Object Repository/Page_KHTN Administration Users Accounts Bro_45ce40/div_Changes saved' is visible

2022-01-15 20:20:36 - [MESSAGE][INFO] - Unable to find the element located by 'By.xpath: //span[@id='user-notifications']/div'. Please recheck the objects properties to make sure the desired element is located. 

2022-01-15 20:20:36 - [MESSAGE][WARNING] - [SELF-HEALING] Failed to find element with id 'Object Repository/Page_KHTN Administration Users Accounts Bro_45ce40/div_Changes saved'. Try using Self-healing.

2022-01-15 20:20:37 - [MESSAGE][WARNING] - [SELF-HEALING] The current locator of test object 'Object Repository/Page_KHTN Administration Users Accounts Bro_45ce40/div_Changes saved' was broken. Propose an alternative one: '(.//*[normalize-space(text()) and normalize-space(.)='Blocks editing on'])[1]/following::div[4]'.

2022-01-15 20:20:37 - [MESSAGE][PASSED] - Object 'Object Repository/Page_KHTN Administration Users Accounts Bro_45ce40/div_Changes saved' is visible

2022-01-15 20:20:37 - [TEST_STEP][PASSED] - click(findTestObject("Object Repository/Page_KHTN Administration Users Accounts Bro_45ce40/a_Admin User")): Object: 'Object Repository/Page_KHTN Administration Users Accounts Bro_45ce40/a_Admin User' is clicked on

2022-01-15 20:20:37 - [MESSAGE][PASSED] - Object: 'Object Repository/Page_KHTN Administration Users Accounts Bro_45ce40/a_Admin User' is clicked on

2022-01-15 20:20:37 - [TEST_STEP][PASSED] - click(findTestObject("Object Repository/Page_KHTN Administration Users Accounts Bro_45ce40/a_Log out")): Object: 'Object Repository/Page_KHTN Administration Users Accounts Bro_45ce40/a_Log out' is clicked on

2022-01-15 20:20:38 - [MESSAGE][PASSED] - Object: 'Object Repository/Page_KHTN Administration Users Accounts Bro_45ce40/a_Log out' is clicked on

2022-01-15 20:20:38 - [TEST_STEP][PASSED] - click(findTestObject("Object Repository/Page_HCMUS/a_Log in")): Object: 'Object Repository/Page_HCMUS/a_Log in' is clicked on

2022-01-15 20:20:39 - [MESSAGE][PASSED] - Object: 'Object Repository/Page_HCMUS/a_Log in' is clicked on

2022-01-15 20:20:39 - [TEST_STEP][PASSED] - setText(findTestObject("Object Repository/Page_HCMUS Log in to the site/input_Username_username"), "student11"): Text 'student11' is set on object 'Object Repository/Page_HCMUS Log in to the site/input_Username_username'

2022-01-15 20:20:39 - [MESSAGE][PASSED] - Text 'student11' is set on object 'Object Repository/Page_HCMUS Log in to the site/input_Username_username'

2022-01-15 20:20:39 - [TEST_STEP][PASSED] - setEncryptedText(findTestObject("Object Repository/Page_HCMUS Log in to the site/input_Password_password"), "5MU2PI2jvJCK/lBTYOwt6g=="): Text ****** has been set on object 'Object Repository/Page_HCMUS Log in to the site/input_Password_password'

2022-01-15 20:20:40 - [MESSAGE][PASSED] - Text ****** has been set on object 'Object Repository/Page_HCMUS Log in to the site/input_Password_password'

2022-01-15 20:20:40 - [TEST_STEP][PASSED] - click(findTestObject("Object Repository/Page_HCMUS Log in to the site/button_Log in")): Object: 'Object Repository/Page_HCMUS Log in to the site/button_Log in' is clicked on

2022-01-15 20:20:41 - [MESSAGE][PASSED] - Object: 'Object Repository/Page_HCMUS Log in to the site/button_Log in' is clicked on

2022-01-15 20:20:41 - [TEST_STEP][PASSED] - verifyElementVisible(findTestObject("Object Repository/Page_Change password/div_You must change your password to proceed")): Object 'Object Repository/Page_Change password/div_You must change your password to proceed' is visible

2022-01-15 20:20:42 - [MESSAGE][PASSED] - Object 'Object Repository/Page_Change password/div_You must change your password to proceed' is visible

2022-01-15 20:20:42 - [TEST_STEP][PASSED] - setEncryptedText(findTestObject("Object Repository/Page_Change password/input_Current password_password"), "5MU2PI2jvJCK/lBTYOwt6g=="): Text ****** has been set on object 'Object Repository/Page_Change password/input_Current password_password'

2022-01-15 20:20:42 - [MESSAGE][PASSED] - Text ****** has been set on object 'Object Repository/Page_Change password/input_Current password_password'

2022-01-15 20:20:42 - [TEST_STEP][PASSED] - setEncryptedText(findTestObject("Object Repository/Page_Change password/input_New password_newpassword1"), "xsue+lrReh5yW1Jtmbf0PA=="): Text ****** has been set on object 'Object Repository/Page_Change password/input_New password_newpassword1'

2022-01-15 20:20:43 - [MESSAGE][PASSED] - Text ****** has been set on object 'Object Repository/Page_Change password/input_New password_newpassword1'

2022-01-15 20:20:43 - [TEST_STEP][PASSED] - setEncryptedText(findTestObject("Object Repository/Page_Change password/input_New password (again)_newpassword2"), "xsue+lrReh5yW1Jtmbf0PA=="): Text ****** has been set on object 'Object Repository/Page_Change password/input_New password (again)_newpassword2'

2022-01-15 20:20:43 - [MESSAGE][PASSED] - Text ****** has been set on object 'Object Repository/Page_Change password/input_New password (again)_newpassword2'

2022-01-15 20:20:43 - [TEST_STEP][PASSED] - click(findTestObject("Object Repository/Page_Change password/input_New password (again)_submitbutton")): Object: 'Object Repository/Page_Change password/input_New password (again)_submitbutton' is clicked on

2022-01-15 20:20:44 - [MESSAGE][PASSED] - Object: 'Object Repository/Page_Change password/input_New password (again)_submitbutton' is clicked on

2022-01-15 20:20:44 - [TEST_STEP][PASSED] - verifyElementVisible(findTestObject("Object Repository/Page_Password has been changed/div_Password has been changed")): Object 'Object Repository/Page_Password has been changed/div_Password has been changed' is visible

2022-01-15 20:20:45 - [MESSAGE][PASSED] - Object 'Object Repository/Page_Password has been changed/div_Password has been changed' is visible

2022-01-15 20:20:45 - [TEST_STEP][PASSED] - click(findTestObject("Object Repository/Page_Password has been changed/button_Continue")): Object: 'Object Repository/Page_Password has been changed/button_Continue' is clicked on

2022-01-15 20:20:45 - [MESSAGE][PASSED] - Object: 'Object Repository/Page_Password has been changed/button_Continue' is clicked on

2022-01-15 20:20:45 - [TEST_STEP][PASSED] - closeBrowser(): Browser is closed

2022-01-15 20:20:46 - [MESSAGE][PASSED] - Browser is closed]]></system-out>
         <system-err><![CDATA[]]></system-err>
      </testcase>
      <testcase name="Test Cases/4_tạo tài khoản user với username đã tồn tại" time="23.641" classname="Test Cases/4_tạo tài khoản user với username đã tồn tại" status="PASSED">
         <system-out><![CDATA[2022-01-15 20:20:46 - [TEST_CASE][PASSED] - Test Cases/4_tạo tài khoản user với username đã tồn tại: Test Cases/4_tạo tài khoản user với username đã tồn tại

2022-01-15 20:20:47 - [TEST_STEP][PASSED] - openBrowser(""): Browser is opened with url: ''

2022-01-15 20:20:47 - [MESSAGE][INFO] - Starting 'Chrome' driver

2022-01-15 20:20:47 - [MESSAGE][INFO] - Action delay is set to 0 milliseconds

2022-01-15 20:20:49 - [MESSAGE][PASSED] - Browser is opened with url: ''

2022-01-15 20:20:49 - [TEST_STEP][PASSED] - navigateToUrl("http://localhost/"): Navigate to 'http://localhost/' successfully

2022-01-15 20:20:49 - [MESSAGE][PASSED] - Navigate to 'http://localhost/' successfully

2022-01-15 20:20:49 - [TEST_STEP][PASSED] - click(findTestObject("Object Repository/Page_HCMUS/a_Log in")): Object: 'Object Repository/Page_HCMUS/a_Log in' is clicked on

2022-01-15 20:20:50 - [MESSAGE][PASSED] - Object: 'Object Repository/Page_HCMUS/a_Log in' is clicked on

2022-01-15 20:20:50 - [TEST_STEP][PASSED] - setText(findTestObject("Object Repository/Page_HCMUS Log in to the site/input_Username_username"), "admin"): Text 'admin' is set on object 'Object Repository/Page_HCMUS Log in to the site/input_Username_username'

2022-01-15 20:20:51 - [MESSAGE][PASSED] - Text 'admin' is set on object 'Object Repository/Page_HCMUS Log in to the site/input_Username_username'

2022-01-15 20:20:51 - [TEST_STEP][PASSED] - setEncryptedText(findTestObject("Object Repository/Page_HCMUS Log in to the site/input_Password_password"), "5MU2PI2jvJCK/lBTYOwt6g=="): Text ****** has been set on object 'Object Repository/Page_HCMUS Log in to the site/input_Password_password'

2022-01-15 20:20:51 - [MESSAGE][PASSED] - Text ****** has been set on object 'Object Repository/Page_HCMUS Log in to the site/input_Password_password'

2022-01-15 20:20:51 - [TEST_STEP][PASSED] - click(findTestObject("Object Repository/Page_HCMUS Log in to the site/button_Log in")): Object: 'Object Repository/Page_HCMUS Log in to the site/button_Log in' is clicked on

2022-01-15 20:20:52 - [MESSAGE][PASSED] - Object: 'Object Repository/Page_HCMUS Log in to the site/button_Log in' is clicked on

2022-01-15 20:20:52 - [TEST_STEP][PASSED] - click(findTestObject("Object Repository/Page_Dashboard/span_Site administration")): Object: 'Object Repository/Page_Dashboard/span_Site administration' is clicked on

2022-01-15 20:20:54 - [MESSAGE][PASSED] - Object: 'Object Repository/Page_Dashboard/span_Site administration' is clicked on

2022-01-15 20:20:54 - [TEST_STEP][PASSED] - click(findTestObject("Object Repository/Page_KHTN Administration Search/a_Users")): Object: 'Object Repository/Page_KHTN Administration Search/a_Users' is clicked on

2022-01-15 20:20:54 - [MESSAGE][PASSED] - Object: 'Object Repository/Page_KHTN Administration Search/a_Users' is clicked on

2022-01-15 20:20:54 - [TEST_STEP][PASSED] - click(findTestObject("Object Repository/Page_KHTN Administration Search/a_Add a new user")): Object: 'Object Repository/Page_KHTN Administration Search/a_Add a new user' is clicked on

2022-01-15 20:20:55 - [MESSAGE][PASSED] - Object: 'Object Repository/Page_KHTN Administration Search/a_Add a new user' is clicked on

2022-01-15 20:20:55 - [TEST_STEP][PASSED] - setText(findTestObject("Object Repository/Page_KHTN Administration Users Accounts Add_aad8ed/input_Username_username"), "student11"): Text 'student11' is set on object 'Object Repository/Page_KHTN Administration Users Accounts Add_aad8ed/input_Username_username'

2022-01-15 20:20:57 - [MESSAGE][PASSED] - Text 'student11' is set on object 'Object Repository/Page_KHTN Administration Users Accounts Add_aad8ed/input_Username_username'

2022-01-15 20:20:57 - [TEST_STEP][PASSED] - setText(findTestObject("Object Repository/Page_KHTN Administration Users Accounts Add_aad8ed/input_First name_firstname"), "a"): Text 'a' is set on object 'Object Repository/Page_KHTN Administration Users Accounts Add_aad8ed/input_First name_firstname'

2022-01-15 20:20:58 - [MESSAGE][PASSED] - Text 'a' is set on object 'Object Repository/Page_KHTN Administration Users Accounts Add_aad8ed/input_First name_firstname'

2022-01-15 20:20:58 - [TEST_STEP][PASSED] - setText(findTestObject("Object Repository/Page_KHTN Administration Users Accounts Add_aad8ed/input_Surname_lastname"), "b"): Text 'b' is set on object 'Object Repository/Page_KHTN Administration Users Accounts Add_aad8ed/input_Surname_lastname'

2022-01-15 20:20:58 - [MESSAGE][PASSED] - Text 'b' is set on object 'Object Repository/Page_KHTN Administration Users Accounts Add_aad8ed/input_Surname_lastname'

2022-01-15 20:20:58 - [TEST_STEP][PASSED] - setText(findTestObject("Object Repository/Page_KHTN Administration Users Accounts Add_aad8ed/input_Email address_email"), "a@gmail.com"): Text 'a@gmail.com' is set on object 'Object Repository/Page_KHTN Administration Users Accounts Add_aad8ed/input_Email address_email'

2022-01-15 20:20:59 - [MESSAGE][PASSED] - Text 'a@gmail.com' is set on object 'Object Repository/Page_KHTN Administration Users Accounts Add_aad8ed/input_Email address_email'

2022-01-15 20:20:59 - [TEST_STEP][PASSED] - click(findTestObject("Object Repository/Page_KHTN Administration Users Accounts Add_aad8ed/em_Click to enter text")): Object: 'Object Repository/Page_KHTN Administration Users Accounts Add_aad8ed/em_Click to enter text' is clicked on

2022-01-15 20:21:00 - [MESSAGE][PASSED] - Object: 'Object Repository/Page_KHTN Administration Users Accounts Add_aad8ed/em_Click to enter text' is clicked on

2022-01-15 20:21:00 - [TEST_STEP][PASSED] - setEncryptedText(findTestObject("Object Repository/Page_KHTN Administration Users Accounts Add_aad8ed/input_New password_newpassword"), "8pa5q0hY+sdM2cG6/p2tPQ=="): Text ****** has been set on object 'Object Repository/Page_KHTN Administration Users Accounts Add_aad8ed/input_New password_newpassword'

2022-01-15 20:21:00 - [MESSAGE][PASSED] - Text ****** has been set on object 'Object Repository/Page_KHTN Administration Users Accounts Add_aad8ed/input_New password_newpassword'

2022-01-15 20:21:00 - [TEST_STEP][PASSED] - click(findTestObject("Object Repository/Page_KHTN Administration Users Accounts Add_aad8ed/input_Address_submitbutton")): Object: 'Object Repository/Page_KHTN Administration Users Accounts Add_aad8ed/input_Address_submitbutton' is clicked on

2022-01-15 20:21:01 - [MESSAGE][PASSED] - Object: 'Object Repository/Page_KHTN Administration Users Accounts Add_aad8ed/input_Address_submitbutton' is clicked on

2022-01-15 20:21:01 - [TEST_STEP][PASSED] - verifyElementVisible(findTestObject("Object Repository/Page_KHTN Administration Users Accounts Add_aad8ed/div_This username already exists, choose another")): Object 'Object Repository/Page_KHTN Administration Users Accounts Add_aad8ed/div_This username already exists, choose another' is visible

2022-01-15 20:21:02 - [MESSAGE][PASSED] - Object 'Object Repository/Page_KHTN Administration Users Accounts Add_aad8ed/div_This username already exists, choose another' is visible

2022-01-15 20:21:02 - [TEST_STEP][PASSED] - verifyElementVisible(findTestObject("Object Repository/Page_KHTN Administration Users Accounts Add_aad8ed/div_This username already exists, choose another_1")): Object 'Object Repository/Page_KHTN Administration Users Accounts Add_aad8ed/div_This username already exists, choose another_1' is visible

2022-01-15 20:21:08 - [MESSAGE][INFO] - Unable to find the element located by 'By.xpath: //div[@id='id_error_username']'. Please recheck the objects properties to make sure the desired element is located. 

2022-01-15 20:21:08 - [MESSAGE][WARNING] - [SELF-HEALING] Failed to find element with id 'Object Repository/Page_KHTN Administration Users Accounts Add_aad8ed/div_This username already exists, choose another_1'. Try using Self-healing.

2022-01-15 20:21:08 - [MESSAGE][INFO] - [SELF-HEALING] Failed Locator: '//div[@id='id_error_username']'.

2022-01-15 20:21:09 - [MESSAGE][INFO] - [SELF-HEALING] Working Locator: '//div[@id='fitem_id_username']/div[2]/div'.

2022-01-15 20:21:09 - [MESSAGE][INFO] - [SELF-HEALING] Screenshot: C:/Users/congt/git/Test-Automation-SE-Bonus/Reports/Self-healing/Object Repository/Page_KHTN Administration Users Accounts Add_aad8ed/div_This username already exists, choose another_1_idRelative.png

2022-01-15 20:21:09 - [MESSAGE][WARNING] - [SELF-HEALING] The current locator of test object 'Object Repository/Page_KHTN Administration Users Accounts Add_aad8ed/div_This username already exists, choose another_1' was broken. Propose an alternative one: '//div[@id='fitem_id_username']/div[2]/div'.

2022-01-15 20:21:09 - [MESSAGE][PASSED] - Object 'Object Repository/Page_KHTN Administration Users Accounts Add_aad8ed/div_This username already exists, choose another_1' is visible

2022-01-15 20:21:09 - [TEST_STEP][PASSED] - closeBrowser(): Browser is closed

2022-01-15 20:21:10 - [MESSAGE][PASSED] - Browser is closed]]></system-out>
         <system-err><![CDATA[]]></system-err>
      </testcase>
      <testcase name="Test Cases/5_tạo tài khoản với mật khẩu không theo chuẩn" time="43.18" classname="Test Cases/5_tạo tài khoản với mật khẩu không theo chuẩn" status="PASSED">
         <system-out><![CDATA[2022-01-15 20:21:10 - [TEST_CASE][PASSED] - Test Cases/5_tạo tài khoản với mật khẩu không theo chuẩn: Test Cases/5_tạo tài khoản với mật khẩu không theo chuẩn

2022-01-15 20:21:10 - [TEST_STEP][PASSED] - openBrowser(""): Browser is opened with url: ''

2022-01-15 20:21:10 - [MESSAGE][INFO] - Starting 'Chrome' driver

2022-01-15 20:21:10 - [MESSAGE][INFO] - Action delay is set to 0 milliseconds

2022-01-15 20:21:12 - [MESSAGE][PASSED] - Browser is opened with url: ''

2022-01-15 20:21:12 - [TEST_STEP][PASSED] - navigateToUrl("http://localhost/"): Navigate to 'http://localhost/' successfully

2022-01-15 20:21:12 - [MESSAGE][PASSED] - Navigate to 'http://localhost/' successfully

2022-01-15 20:21:12 - [TEST_STEP][PASSED] - click(findTestObject("Object Repository/Page_HCMUS/a_Log in")): Object: 'Object Repository/Page_HCMUS/a_Log in' is clicked on

2022-01-15 20:21:13 - [MESSAGE][PASSED] - Object: 'Object Repository/Page_HCMUS/a_Log in' is clicked on

2022-01-15 20:21:13 - [TEST_STEP][PASSED] - setText(findTestObject("Object Repository/Page_HCMUS Log in to the site/input_Username_username"), "admin"): Text 'admin' is set on object 'Object Repository/Page_HCMUS Log in to the site/input_Username_username'

2022-01-15 20:21:13 - [MESSAGE][PASSED] - Text 'admin' is set on object 'Object Repository/Page_HCMUS Log in to the site/input_Username_username'

2022-01-15 20:21:13 - [TEST_STEP][PASSED] - setEncryptedText(findTestObject("Object Repository/Page_HCMUS Log in to the site/input_Password_password"), "5MU2PI2jvJCK/lBTYOwt6g=="): Text ****** has been set on object 'Object Repository/Page_HCMUS Log in to the site/input_Password_password'

2022-01-15 20:21:14 - [MESSAGE][PASSED] - Text ****** has been set on object 'Object Repository/Page_HCMUS Log in to the site/input_Password_password'

2022-01-15 20:21:14 - [TEST_STEP][PASSED] - click(findTestObject("Object Repository/Page_HCMUS Log in to the site/button_Log in")): Object: 'Object Repository/Page_HCMUS Log in to the site/button_Log in' is clicked on

2022-01-15 20:21:15 - [MESSAGE][PASSED] - Object: 'Object Repository/Page_HCMUS Log in to the site/button_Log in' is clicked on

2022-01-15 20:21:15 - [TEST_STEP][PASSED] - click(findTestObject("Object Repository/Page_Dashboard/span_Site administration")): Object: 'Object Repository/Page_Dashboard/span_Site administration' is clicked on

2022-01-15 20:21:17 - [MESSAGE][PASSED] - Object: 'Object Repository/Page_Dashboard/span_Site administration' is clicked on

2022-01-15 20:21:17 - [TEST_STEP][PASSED] - click(findTestObject("Object Repository/Page_KHTN Administration Search/a_Users")): Object: 'Object Repository/Page_KHTN Administration Search/a_Users' is clicked on

2022-01-15 20:21:17 - [MESSAGE][PASSED] - Object: 'Object Repository/Page_KHTN Administration Search/a_Users' is clicked on

2022-01-15 20:21:17 - [TEST_STEP][PASSED] - click(findTestObject("Object Repository/Page_KHTN Administration Search/a_Add a new user")): Object: 'Object Repository/Page_KHTN Administration Search/a_Add a new user' is clicked on

2022-01-15 20:21:18 - [MESSAGE][PASSED] - Object: 'Object Repository/Page_KHTN Administration Search/a_Add a new user' is clicked on

2022-01-15 20:21:18 - [TEST_STEP][PASSED] - setText(findTestObject("Object Repository/Page_KHTN Administration Users Accounts Add_aad8ed/input_Username_username"), "student2"): Text 'student2' is set on object 'Object Repository/Page_KHTN Administration Users Accounts Add_aad8ed/input_Username_username'

2022-01-15 20:21:19 - [MESSAGE][PASSED] - Text 'student2' is set on object 'Object Repository/Page_KHTN Administration Users Accounts Add_aad8ed/input_Username_username'

2022-01-15 20:21:19 - [TEST_STEP][PASSED] - click(findTestObject("Object Repository/Page_KHTN Administration Users Accounts Add_aad8ed/em_Click to enter text")): Object: 'Object Repository/Page_KHTN Administration Users Accounts Add_aad8ed/em_Click to enter text' is clicked on

2022-01-15 20:21:20 - [MESSAGE][PASSED] - Object: 'Object Repository/Page_KHTN Administration Users Accounts Add_aad8ed/em_Click to enter text' is clicked on

2022-01-15 20:21:20 - [TEST_STEP][PASSED] - setEncryptedText(findTestObject("Object Repository/Page_KHTN Administration Users Accounts Add_aad8ed/input_New password_newpassword"), "J7R4ejOak4Y="): Text ****** has been set on object 'Object Repository/Page_KHTN Administration Users Accounts Add_aad8ed/input_New password_newpassword'

2022-01-15 20:21:20 - [MESSAGE][PASSED] - Text ****** has been set on object 'Object Repository/Page_KHTN Administration Users Accounts Add_aad8ed/input_New password_newpassword'

2022-01-15 20:21:20 - [TEST_STEP][PASSED] - setText(findTestObject("Object Repository/Page_KHTN Administration Users Accounts Add_aad8ed/input_First name_firstname"), "student2"): Text 'student2' is set on object 'Object Repository/Page_KHTN Administration Users Accounts Add_aad8ed/input_First name_firstname'

2022-01-15 20:21:21 - [MESSAGE][PASSED] - Text 'student2' is set on object 'Object Repository/Page_KHTN Administration Users Accounts Add_aad8ed/input_First name_firstname'

2022-01-15 20:21:21 - [TEST_STEP][PASSED] - click(findTestObject("Object Repository/Page_KHTN Administration Users Accounts Add_aad8ed/div_First name")): Object: 'Object Repository/Page_KHTN Administration Users Accounts Add_aad8ed/div_First name' is clicked on

2022-01-15 20:21:22 - [MESSAGE][PASSED] - Object: 'Object Repository/Page_KHTN Administration Users Accounts Add_aad8ed/div_First name' is clicked on

2022-01-15 20:21:22 - [TEST_STEP][PASSED] - setText(findTestObject("Object Repository/Page_KHTN Administration Users Accounts Add_aad8ed/input_First name_firstname"), "Student"): Text 'Student' is set on object 'Object Repository/Page_KHTN Administration Users Accounts Add_aad8ed/input_First name_firstname'

2022-01-15 20:21:23 - [MESSAGE][PASSED] - Text 'Student' is set on object 'Object Repository/Page_KHTN Administration Users Accounts Add_aad8ed/input_First name_firstname'

2022-01-15 20:21:23 - [TEST_STEP][PASSED] - setText(findTestObject("Object Repository/Page_KHTN Administration Users Accounts Add_aad8ed/input_Surname_lastname"), "Epperson"): Text 'Epperson' is set on object 'Object Repository/Page_KHTN Administration Users Accounts Add_aad8ed/input_Surname_lastname'

2022-01-15 20:21:24 - [MESSAGE][PASSED] - Text 'Epperson' is set on object 'Object Repository/Page_KHTN Administration Users Accounts Add_aad8ed/input_Surname_lastname'

2022-01-15 20:21:24 - [TEST_STEP][PASSED] - setText(findTestObject("Object Repository/Page_KHTN Administration Users Accounts Add_aad8ed/input_Email address_email"), "s2@example.com"): Text 's2@example.com' is set on object 'Object Repository/Page_KHTN Administration Users Accounts Add_aad8ed/input_Email address_email'

2022-01-15 20:21:25 - [MESSAGE][PASSED] - Text 's2@example.com' is set on object 'Object Repository/Page_KHTN Administration Users Accounts Add_aad8ed/input_Email address_email'

2022-01-15 20:21:25 - [TEST_STEP][PASSED] - click(findTestObject("Object Repository/Page_KHTN Administration Users Accounts Add_aad8ed/input_Address_submitbutton")): Object: 'Object Repository/Page_KHTN Administration Users Accounts Add_aad8ed/input_Address_submitbutton' is clicked on

2022-01-15 20:21:26 - [MESSAGE][PASSED] - Object: 'Object Repository/Page_KHTN Administration Users Accounts Add_aad8ed/input_Address_submitbutton' is clicked on

2022-01-15 20:21:26 - [TEST_STEP][PASSED] - verifyElementVisible(findTestObject("Object Repository/Page_KHTN Administration Users Accounts Add_aad8ed/div_Passwords must be at least 8 characters long")): Object 'Object Repository/Page_KHTN Administration Users Accounts Add_aad8ed/div_Passwords must be at least 8 characters long' is visible

2022-01-15 20:21:32 - [MESSAGE][INFO] - Unable to find the element located by 'By.xpath: //div[@id='id_error_newpassword']/div'. Please recheck the objects properties to make sure the desired element is located. 

2022-01-15 20:21:32 - [MESSAGE][WARNING] - [SELF-HEALING] Failed to find element with id 'Object Repository/Page_KHTN Administration Users Accounts Add_aad8ed/div_Passwords must be at least 8 characters long'. Try using Self-healing.

2022-01-15 20:21:32 - [MESSAGE][WARNING] - [SELF-HEALING] The current locator of test object 'Object Repository/Page_KHTN Administration Users Accounts Add_aad8ed/div_Passwords must be at least 8 characters long' was broken. Propose an alternative one: '(.//*[normalize-space(text()) and normalize-space(.)='Press enter to save changes'])[1]/following::div[2]'.

2022-01-15 20:21:32 - [MESSAGE][PASSED] - Object 'Object Repository/Page_KHTN Administration Users Accounts Add_aad8ed/div_Passwords must be at least 8 characters long' is visible

2022-01-15 20:21:32 - [TEST_STEP][PASSED] - verifyElementVisible(findTestObject("Object Repository/Page_KHTN Administration Users Accounts Add_aad8ed/div_Passwords must have at least 1 digit(s)")): Object 'Object Repository/Page_KHTN Administration Users Accounts Add_aad8ed/div_Passwords must have at least 1 digit(s)' is visible

2022-01-15 20:21:39 - [MESSAGE][INFO] - Unable to find the element located by 'By.xpath: //div[@id='id_error_newpassword']/div[2]'. Please recheck the objects properties to make sure the desired element is located. 

2022-01-15 20:21:39 - [MESSAGE][WARNING] - [SELF-HEALING] Failed to find element with id 'Object Repository/Page_KHTN Administration Users Accounts Add_aad8ed/div_Passwords must have at least 1 digit(s)'. Try using Self-healing.

2022-01-15 20:21:39 - [MESSAGE][WARNING] - [SELF-HEALING] The current locator of test object 'Object Repository/Page_KHTN Administration Users Accounts Add_aad8ed/div_Passwords must have at least 1 digit(s)' was broken. Propose an alternative one: '(.//*[normalize-space(text()) and normalize-space(.)='Press enter to save changes'])[1]/following::div[3]'.

2022-01-15 20:21:39 - [MESSAGE][PASSED] - Object 'Object Repository/Page_KHTN Administration Users Accounts Add_aad8ed/div_Passwords must have at least 1 digit(s)' is visible

2022-01-15 20:21:39 - [TEST_STEP][PASSED] - verifyElementVisible(findTestObject("Object Repository/Page_KHTN Administration Users Accounts Add_aad8ed/div_Passwords must have at least 1 digit(s)")): Object 'Object Repository/Page_KHTN Administration Users Accounts Add_aad8ed/div_Passwords must have at least 1 digit(s)' is visible

2022-01-15 20:21:45 - [MESSAGE][INFO] - Unable to find the element located by 'By.xpath: //div[@id='id_error_newpassword']/div[2]'. Please recheck the objects properties to make sure the desired element is located. 

2022-01-15 20:21:45 - [MESSAGE][WARNING] - [SELF-HEALING] Failed to find element with id 'Object Repository/Page_KHTN Administration Users Accounts Add_aad8ed/div_Passwords must have at least 1 digit(s)'. Try using Self-healing.

2022-01-15 20:21:46 - [MESSAGE][WARNING] - [SELF-HEALING] The current locator of test object 'Object Repository/Page_KHTN Administration Users Accounts Add_aad8ed/div_Passwords must have at least 1 digit(s)' was broken. Propose an alternative one: '(.//*[normalize-space(text()) and normalize-space(.)='Press enter to save changes'])[1]/following::div[3]'.

2022-01-15 20:21:46 - [MESSAGE][PASSED] - Object 'Object Repository/Page_KHTN Administration Users Accounts Add_aad8ed/div_Passwords must have at least 1 digit(s)' is visible

2022-01-15 20:21:46 - [TEST_STEP][PASSED] - verifyElementVisible(findTestObject("Object Repository/Page_KHTN Administration Users Accounts Add_aad8ed/div_Passwords must have at least 1 upper ca_8e926f")): Object 'Object Repository/Page_KHTN Administration Users Accounts Add_aad8ed/div_Passwords must have at least 1 upper ca_8e926f' is visible

2022-01-15 20:21:52 - [MESSAGE][INFO] - Unable to find the element located by 'By.xpath: //div[@id='id_error_newpassword']/div[3]'. Please recheck the objects properties to make sure the desired element is located. 

2022-01-15 20:21:52 - [MESSAGE][WARNING] - [SELF-HEALING] Failed to find element with id 'Object Repository/Page_KHTN Administration Users Accounts Add_aad8ed/div_Passwords must have at least 1 upper ca_8e926f'. Try using Self-healing.

2022-01-15 20:21:52 - [MESSAGE][WARNING] - [SELF-HEALING] The current locator of test object 'Object Repository/Page_KHTN Administration Users Accounts Add_aad8ed/div_Passwords must have at least 1 upper ca_8e926f' was broken. Propose an alternative one: '(.//*[normalize-space(text()) and normalize-space(.)='Force password change'])[1]/preceding::div[3]'.

2022-01-15 20:21:52 - [MESSAGE][PASSED] - Object 'Object Repository/Page_KHTN Administration Users Accounts Add_aad8ed/div_Passwords must have at least 1 upper ca_8e926f' is visible

2022-01-15 20:21:52 - [TEST_STEP][PASSED] - closeBrowser(): Browser is closed

2022-01-15 20:21:53 - [MESSAGE][PASSED] - Browser is closed]]></system-out>
         <system-err><![CDATA[]]></system-err>
      </testcase>
      <testcase name="Test Cases/6_tạo tài khoản thiếu thuộc tính bắt buộc" time="40.585" classname="Test Cases/6_tạo tài khoản thiếu thuộc tính bắt buộc" status="PASSED">
         <system-out><![CDATA[2022-01-15 20:21:53 - [TEST_CASE][PASSED] - Test Cases/6_tạo tài khoản thiếu thuộc tính bắt buộc: Test Cases/6_tạo tài khoản thiếu thuộc tính bắt buộc

2022-01-15 20:21:53 - [TEST_STEP][PASSED] - openBrowser(""): Browser is opened with url: ''

2022-01-15 20:21:53 - [MESSAGE][INFO] - Starting 'Chrome' driver

2022-01-15 20:21:53 - [MESSAGE][INFO] - Action delay is set to 0 milliseconds

2022-01-15 20:21:55 - [MESSAGE][PASSED] - Browser is opened with url: ''

2022-01-15 20:21:55 - [TEST_STEP][PASSED] - navigateToUrl("http://localhost/"): Navigate to 'http://localhost/' successfully

2022-01-15 20:21:55 - [MESSAGE][PASSED] - Navigate to 'http://localhost/' successfully

2022-01-15 20:21:55 - [TEST_STEP][PASSED] - click(findTestObject("Object Repository/Page_HCMUS/a_Log in")): Object: 'Object Repository/Page_HCMUS/a_Log in' is clicked on

2022-01-15 20:21:56 - [MESSAGE][PASSED] - Object: 'Object Repository/Page_HCMUS/a_Log in' is clicked on

2022-01-15 20:21:56 - [TEST_STEP][PASSED] - setText(findTestObject("Object Repository/Page_HCMUS Log in to the site/input_Username_username"), "admin"): Text 'admin' is set on object 'Object Repository/Page_HCMUS Log in to the site/input_Username_username'

2022-01-15 20:21:57 - [MESSAGE][PASSED] - Text 'admin' is set on object 'Object Repository/Page_HCMUS Log in to the site/input_Username_username'

2022-01-15 20:21:57 - [TEST_STEP][PASSED] - setEncryptedText(findTestObject("Object Repository/Page_HCMUS Log in to the site/input_Password_password"), "5MU2PI2jvJCK/lBTYOwt6g=="): Text ****** has been set on object 'Object Repository/Page_HCMUS Log in to the site/input_Password_password'

2022-01-15 20:21:57 - [MESSAGE][PASSED] - Text ****** has been set on object 'Object Repository/Page_HCMUS Log in to the site/input_Password_password'

2022-01-15 20:21:57 - [TEST_STEP][PASSED] - click(findTestObject("Object Repository/Page_HCMUS Log in to the site/button_Log in")): Object: 'Object Repository/Page_HCMUS Log in to the site/button_Log in' is clicked on

2022-01-15 20:21:58 - [MESSAGE][PASSED] - Object: 'Object Repository/Page_HCMUS Log in to the site/button_Log in' is clicked on

2022-01-15 20:21:58 - [TEST_STEP][PASSED] - click(findTestObject("Object Repository/Page_Dashboard/span_Site administration")): Object: 'Object Repository/Page_Dashboard/span_Site administration' is clicked on

2022-01-15 20:22:00 - [MESSAGE][PASSED] - Object: 'Object Repository/Page_Dashboard/span_Site administration' is clicked on

2022-01-15 20:22:00 - [TEST_STEP][PASSED] - click(findTestObject("Object Repository/Page_KHTN Administration Search/a_Users")): Object: 'Object Repository/Page_KHTN Administration Search/a_Users' is clicked on

2022-01-15 20:22:01 - [MESSAGE][PASSED] - Object: 'Object Repository/Page_KHTN Administration Search/a_Users' is clicked on

2022-01-15 20:22:01 - [TEST_STEP][PASSED] - click(findTestObject("Object Repository/Page_KHTN Administration Search/a_Add a new user")): Object: 'Object Repository/Page_KHTN Administration Search/a_Add a new user' is clicked on

2022-01-15 20:22:02 - [MESSAGE][PASSED] - Object: 'Object Repository/Page_KHTN Administration Search/a_Add a new user' is clicked on

2022-01-15 20:22:02 - [TEST_STEP][PASSED] - click(findTestObject("Object Repository/Page_KHTN Administration Users Accounts Add_aad8ed/input_Address_submitbutton")): Object: 'Object Repository/Page_KHTN Administration Users Accounts Add_aad8ed/input_Address_submitbutton' is clicked on

2022-01-15 20:22:04 - [MESSAGE][PASSED] - Object: 'Object Repository/Page_KHTN Administration Users Accounts Add_aad8ed/input_Address_submitbutton' is clicked on

2022-01-15 20:22:04 - [TEST_STEP][PASSED] - verifyElementVisible(findTestObject("Object Repository/Page_KHTN Administration Users Accounts Add_aad8ed/div_- Missing given name")): Object 'Object Repository/Page_KHTN Administration Users Accounts Add_aad8ed/div_- Missing given name' is visible

2022-01-15 20:22:10 - [MESSAGE][INFO] - Unable to find the element located by 'By.xpath: //div[@id='id_error_firstname']'. Please recheck the objects properties to make sure the desired element is located. 

2022-01-15 20:22:10 - [MESSAGE][WARNING] - [SELF-HEALING] Failed to find element with id 'Object Repository/Page_KHTN Administration Users Accounts Add_aad8ed/div_- Missing given name'. Try using Self-healing.

2022-01-15 20:22:10 - [MESSAGE][INFO] - [SELF-HEALING] Failed Locator: '//div[@id='id_error_firstname']'.

2022-01-15 20:22:11 - [MESSAGE][INFO] - [SELF-HEALING] Failed Locator: '//div[@id='yui_3_17_2_1_1641917155145_769']/div'.

2022-01-15 20:22:11 - [MESSAGE][INFO] - [SELF-HEALING] Working Locator: '(.//*[normalize-space(text()) and normalize-space(.)='First name'])[1]/following::div[4]'.

2022-01-15 20:22:11 - [MESSAGE][INFO] - [SELF-HEALING] Screenshot: C:/Users/congt/git/Test-Automation-SE-Bonus/Reports/Self-healing/Object Repository/Page_KHTN Administration Users Accounts Add_aad8ed/div_- Missing given name_neighbor.png

2022-01-15 20:22:11 - [MESSAGE][WARNING] - [SELF-HEALING] The current locator of test object 'Object Repository/Page_KHTN Administration Users Accounts Add_aad8ed/div_- Missing given name' was broken. Propose an alternative one: '(.//*[normalize-space(text()) and normalize-space(.)='First name'])[1]/following::div[4]'.

2022-01-15 20:22:11 - [MESSAGE][PASSED] - Object 'Object Repository/Page_KHTN Administration Users Accounts Add_aad8ed/div_- Missing given name' is visible

2022-01-15 20:22:11 - [TEST_STEP][PASSED] - verifyElementVisible(findTestObject("Object Repository/Page_KHTN Administration Users Accounts Add_aad8ed/div_- Missing surname")): Object 'Object Repository/Page_KHTN Administration Users Accounts Add_aad8ed/div_- Missing surname' is visible

2022-01-15 20:22:17 - [MESSAGE][INFO] - Unable to find the element located by 'By.xpath: //div[@id='id_error_lastname']'. Please recheck the objects properties to make sure the desired element is located. 

2022-01-15 20:22:17 - [MESSAGE][WARNING] - [SELF-HEALING] Failed to find element with id 'Object Repository/Page_KHTN Administration Users Accounts Add_aad8ed/div_- Missing surname'. Try using Self-healing.

2022-01-15 20:22:18 - [MESSAGE][INFO] - [SELF-HEALING] Failed Locator: '//div[@id='id_error_lastname']'.

2022-01-15 20:22:18 - [MESSAGE][INFO] - [SELF-HEALING] Failed Locator: '//div[@id='yui_3_17_2_1_1641917155145_778']/div'.

2022-01-15 20:22:18 - [MESSAGE][INFO] - [SELF-HEALING] Working Locator: '(.//*[normalize-space(text()) and normalize-space(.)='Surname'])[1]/following::div[4]'.

2022-01-15 20:22:18 - [MESSAGE][INFO] - [SELF-HEALING] Screenshot: C:/Users/congt/git/Test-Automation-SE-Bonus/Reports/Self-healing/Object Repository/Page_KHTN Administration Users Accounts Add_aad8ed/div_- Missing surname_neighbor.png

2022-01-15 20:22:18 - [MESSAGE][WARNING] - [SELF-HEALING] The current locator of test object 'Object Repository/Page_KHTN Administration Users Accounts Add_aad8ed/div_- Missing surname' was broken. Propose an alternative one: '(.//*[normalize-space(text()) and normalize-space(.)='Surname'])[1]/following::div[4]'.

2022-01-15 20:22:18 - [MESSAGE][PASSED] - Object 'Object Repository/Page_KHTN Administration Users Accounts Add_aad8ed/div_- Missing surname' is visible

2022-01-15 20:22:18 - [TEST_STEP][PASSED] - verifyElementVisible(findTestObject("Object Repository/Page_KHTN Administration Users Accounts Add_aad8ed/div_- Required")): Object 'Object Repository/Page_KHTN Administration Users Accounts Add_aad8ed/div_- Required' is visible

2022-01-15 20:22:25 - [MESSAGE][INFO] - Unable to find the element located by 'By.xpath: //div[@id='id_error_email']'. Please recheck the objects properties to make sure the desired element is located. 

2022-01-15 20:22:25 - [MESSAGE][WARNING] - [SELF-HEALING] Failed to find element with id 'Object Repository/Page_KHTN Administration Users Accounts Add_aad8ed/div_- Required'. Try using Self-healing.

2022-01-15 20:22:25 - [MESSAGE][INFO] - [SELF-HEALING] Failed Locator: '//div[@id='id_error_email']'.

2022-01-15 20:22:25 - [MESSAGE][INFO] - [SELF-HEALING] Failed Locator: '//div[@id='yui_3_17_2_1_1641917155145_783']/div'.

2022-01-15 20:22:26 - [MESSAGE][INFO] - [SELF-HEALING] Working Locator: '(.//*[normalize-space(text()) and normalize-space(.)='Email address'])[1]/following::div[4]'.

2022-01-15 20:22:26 - [MESSAGE][INFO] - [SELF-HEALING] Screenshot: C:/Users/congt/git/Test-Automation-SE-Bonus/Reports/Self-healing/Object Repository/Page_KHTN Administration Users Accounts Add_aad8ed/div_- Required_neighbor.png

2022-01-15 20:22:26 - [MESSAGE][WARNING] - [SELF-HEALING] The current locator of test object 'Object Repository/Page_KHTN Administration Users Accounts Add_aad8ed/div_- Required' was broken. Propose an alternative one: '(.//*[normalize-space(text()) and normalize-space(.)='Email address'])[1]/following::div[4]'.

2022-01-15 20:22:26 - [MESSAGE][PASSED] - Object 'Object Repository/Page_KHTN Administration Users Accounts Add_aad8ed/div_- Required' is visible

2022-01-15 20:22:26 - [TEST_STEP][PASSED] - verifyElementVisible(findTestObject("Object Repository/Page_KHTN Administration Users Accounts Add_aad8ed/input_Email address_email")): Object 'Object Repository/Page_KHTN Administration Users Accounts Add_aad8ed/input_Email address_email' is visible

2022-01-15 20:22:26 - [MESSAGE][PASSED] - Object 'Object Repository/Page_KHTN Administration Users Accounts Add_aad8ed/input_Email address_email' is visible

2022-01-15 20:22:26 - [TEST_STEP][PASSED] - verifyElementVisible(findTestObject("Object Repository/Page_KHTN Administration Users Accounts Add_aad8ed/div_- Required")): Object 'Object Repository/Page_KHTN Administration Users Accounts Add_aad8ed/div_- Required' is visible

2022-01-15 20:22:33 - [MESSAGE][INFO] - Unable to find the element located by 'By.xpath: //div[@id='id_error_email']'. Please recheck the objects properties to make sure the desired element is located. 

2022-01-15 20:22:33 - [MESSAGE][WARNING] - [SELF-HEALING] Failed to find element with id 'Object Repository/Page_KHTN Administration Users Accounts Add_aad8ed/div_- Required'. Try using Self-healing.

2022-01-15 20:22:33 - [MESSAGE][WARNING] - [SELF-HEALING] The current locator of test object 'Object Repository/Page_KHTN Administration Users Accounts Add_aad8ed/div_- Required' was broken. Propose an alternative one: '(.//*[normalize-space(text()) and normalize-space(.)='Email address'])[1]/following::div[4]'.

2022-01-15 20:22:33 - [MESSAGE][PASSED] - Object 'Object Repository/Page_KHTN Administration Users Accounts Add_aad8ed/div_- Required' is visible

2022-01-15 20:22:33 - [TEST_STEP][PASSED] - closeBrowser(): Browser is closed

2022-01-15 20:22:34 - [MESSAGE][PASSED] - Browser is closed]]></system-out>
         <system-err><![CDATA[]]></system-err>
      </testcase>
      <testcase name="Test Cases/7_tạo tài khoản user chính xác" time="24.136" classname="Test Cases/7_tạo tài khoản user chính xác" status="PASSED">
         <system-out><![CDATA[2022-01-15 20:22:34 - [TEST_CASE][PASSED] - Test Cases/7_tạo tài khoản user chính xác: Test Cases/7_tạo tài khoản user chính xác

2022-01-15 20:22:34 - [TEST_STEP][PASSED] - openBrowser(""): Browser is opened with url: ''

2022-01-15 20:22:34 - [MESSAGE][INFO] - Starting 'Chrome' driver

2022-01-15 20:22:34 - [MESSAGE][INFO] - Action delay is set to 0 milliseconds

2022-01-15 20:22:36 - [MESSAGE][PASSED] - Browser is opened with url: ''

2022-01-15 20:22:36 - [TEST_STEP][PASSED] - navigateToUrl("http://localhost/"): Navigate to 'http://localhost/' successfully

2022-01-15 20:22:36 - [MESSAGE][PASSED] - Navigate to 'http://localhost/' successfully

2022-01-15 20:22:36 - [TEST_STEP][PASSED] - click(findTestObject("Object Repository/Page_HCMUS/a_Log in")): Object: 'Object Repository/Page_HCMUS/a_Log in' is clicked on

2022-01-15 20:22:37 - [MESSAGE][PASSED] - Object: 'Object Repository/Page_HCMUS/a_Log in' is clicked on

2022-01-15 20:22:37 - [TEST_STEP][PASSED] - setText(findTestObject("Object Repository/Page_HCMUS Log in to the site/input_Username_username"), "admin"): Text 'admin' is set on object 'Object Repository/Page_HCMUS Log in to the site/input_Username_username'

2022-01-15 20:22:38 - [MESSAGE][PASSED] - Text 'admin' is set on object 'Object Repository/Page_HCMUS Log in to the site/input_Username_username'

2022-01-15 20:22:38 - [TEST_STEP][PASSED] - setEncryptedText(findTestObject("Object Repository/Page_HCMUS Log in to the site/input_Password_password"), "5MU2PI2jvJCK/lBTYOwt6g=="): Text ****** has been set on object 'Object Repository/Page_HCMUS Log in to the site/input_Password_password'

2022-01-15 20:22:38 - [MESSAGE][PASSED] - Text ****** has been set on object 'Object Repository/Page_HCMUS Log in to the site/input_Password_password'

2022-01-15 20:22:38 - [TEST_STEP][PASSED] - click(findTestObject("Object Repository/Page_HCMUS Log in to the site/button_Log in")): Object: 'Object Repository/Page_HCMUS Log in to the site/button_Log in' is clicked on

2022-01-15 20:22:39 - [MESSAGE][PASSED] - Object: 'Object Repository/Page_HCMUS Log in to the site/button_Log in' is clicked on

2022-01-15 20:22:39 - [TEST_STEP][PASSED] - click(findTestObject("Object Repository/Page_Dashboard/span_Site administration")): Object: 'Object Repository/Page_Dashboard/span_Site administration' is clicked on

2022-01-15 20:22:41 - [MESSAGE][PASSED] - Object: 'Object Repository/Page_Dashboard/span_Site administration' is clicked on

2022-01-15 20:22:41 - [TEST_STEP][PASSED] - click(findTestObject("Object Repository/Page_KHTN Administration Search/a_Users")): Object: 'Object Repository/Page_KHTN Administration Search/a_Users' is clicked on

2022-01-15 20:22:42 - [MESSAGE][PASSED] - Object: 'Object Repository/Page_KHTN Administration Search/a_Users' is clicked on

2022-01-15 20:22:42 - [TEST_STEP][PASSED] - click(findTestObject("Object Repository/Page_KHTN Administration Search/a_Add a new user")): Object: 'Object Repository/Page_KHTN Administration Search/a_Add a new user' is clicked on

2022-01-15 20:22:43 - [MESSAGE][PASSED] - Object: 'Object Repository/Page_KHTN Administration Search/a_Add a new user' is clicked on

2022-01-15 20:22:43 - [TEST_STEP][PASSED] - setText(findTestObject("Object Repository/Page_KHTN Administration Users Accounts Add_aad8ed/input_Username_username"), username): Text 'student1' is set on object 'Object Repository/Page_KHTN Administration Users Accounts Add_aad8ed/input_Username_username'

2022-01-15 20:22:45 - [MESSAGE][PASSED] - Text 'student1' is set on object 'Object Repository/Page_KHTN Administration Users Accounts Add_aad8ed/input_Username_username'

2022-01-15 20:22:45 - [TEST_STEP][PASSED] - click(findTestObject("Object Repository/Page_KHTN Administration Users Accounts Add_aad8ed/em_Click to enter text")): Object: 'Object Repository/Page_KHTN Administration Users Accounts Add_aad8ed/em_Click to enter text' is clicked on

2022-01-15 20:22:45 - [MESSAGE][PASSED] - Object: 'Object Repository/Page_KHTN Administration Users Accounts Add_aad8ed/em_Click to enter text' is clicked on

2022-01-15 20:22:45 - [TEST_STEP][PASSED] - setText(findTestObject("Object Repository/Page_KHTN Administration Users Accounts Add_aad8ed/input_New password_newpassword"), password): Text 'Mstudent1#' is set on object 'Object Repository/Page_KHTN Administration Users Accounts Add_aad8ed/input_New password_newpassword'

2022-01-15 20:22:46 - [MESSAGE][PASSED] - Text 'Mstudent1#' is set on object 'Object Repository/Page_KHTN Administration Users Accounts Add_aad8ed/input_New password_newpassword'

2022-01-15 20:22:46 - [TEST_STEP][PASSED] - setText(findTestObject("Object Repository/Page_KHTN Administration Users Accounts Add_aad8ed/input_First name_firstname"), firstname): Text 'Student' is set on object 'Object Repository/Page_KHTN Administration Users Accounts Add_aad8ed/input_First name_firstname'

2022-01-15 20:22:47 - [MESSAGE][PASSED] - Text 'Student' is set on object 'Object Repository/Page_KHTN Administration Users Accounts Add_aad8ed/input_First name_firstname'

2022-01-15 20:22:47 - [TEST_STEP][PASSED] - click(findTestObject("Object Repository/Page_KHTN Administration Users Accounts Add_aad8ed/div_Username                               _ccea4b")): Object: 'Object Repository/Page_KHTN Administration Users Accounts Add_aad8ed/div_Username                               _ccea4b' is clicked on

2022-01-15 20:22:47 - [MESSAGE][PASSED] - Object: 'Object Repository/Page_KHTN Administration Users Accounts Add_aad8ed/div_Username                               _ccea4b' is clicked on

2022-01-15 20:22:47 - [TEST_STEP][PASSED] - setText(findTestObject("Object Repository/Page_KHTN Administration Users Accounts Add_aad8ed/input_Surname_lastname"), lastname): Text 'Waldrop' is set on object 'Object Repository/Page_KHTN Administration Users Accounts Add_aad8ed/input_Surname_lastname'

2022-01-15 20:22:48 - [MESSAGE][PASSED] - Text 'Waldrop' is set on object 'Object Repository/Page_KHTN Administration Users Accounts Add_aad8ed/input_Surname_lastname'

2022-01-15 20:22:48 - [TEST_STEP][PASSED] - setText(findTestObject("Object Repository/Page_KHTN Administration Users Accounts Add_aad8ed/input_Email address_email"), email): Text 's1@example.com' is set on object 'Object Repository/Page_KHTN Administration Users Accounts Add_aad8ed/input_Email address_email'

2022-01-15 20:22:49 - [MESSAGE][PASSED] - Text 's1@example.com' is set on object 'Object Repository/Page_KHTN Administration Users Accounts Add_aad8ed/input_Email address_email'

2022-01-15 20:22:49 - [TEST_STEP][PASSED] - click(findTestObject("Object Repository/Page_KHTN Administration Users Accounts Add_aad8ed/input_Address_submitbutton")): Object: 'Object Repository/Page_KHTN Administration Users Accounts Add_aad8ed/input_Address_submitbutton' is clicked on

2022-01-15 20:22:51 - [MESSAGE][PASSED] - Object: 'Object Repository/Page_KHTN Administration Users Accounts Add_aad8ed/input_Address_submitbutton' is clicked on

2022-01-15 20:22:51 - [TEST_STEP][PASSED] - verifyElementVisible(findTestObject("Object Repository/Page_KHTN Administration Users Accounts Bro_45ce40/div_Changes saved")): Object 'Object Repository/Page_KHTN Administration Users Accounts Bro_45ce40/div_Changes saved' is visible

2022-01-15 20:22:51 - [MESSAGE][PASSED] - Object 'Object Repository/Page_KHTN Administration Users Accounts Bro_45ce40/div_Changes saved' is visible

2022-01-15 20:22:51 - [TEST_STEP][PASSED] - verifyElementVisible(findTestObject("Object Repository/Page_KHTN Administration Users Accounts Bro_45ce40/td_s1example.com")): Object 'Object Repository/Page_KHTN Administration Users Accounts Bro_45ce40/td_s1example.com' is visible

2022-01-15 20:22:51 - [MESSAGE][PASSED] - Object 'Object Repository/Page_KHTN Administration Users Accounts Bro_45ce40/td_s1example.com' is visible

2022-01-15 20:22:51 - [TEST_STEP][PASSED] - click(findTestObject("Object Repository/Page_KHTN Administration Users Accounts Bro_45ce40/a_Admin User")): Object: 'Object Repository/Page_KHTN Administration Users Accounts Bro_45ce40/a_Admin User' is clicked on

2022-01-15 20:22:52 - [MESSAGE][PASSED] - Object: 'Object Repository/Page_KHTN Administration Users Accounts Bro_45ce40/a_Admin User' is clicked on

2022-01-15 20:22:52 - [TEST_STEP][PASSED] - click(findTestObject("Object Repository/Page_KHTN Administration Users Accounts Bro_45ce40/span_Log out")): Object: 'Object Repository/Page_KHTN Administration Users Accounts Bro_45ce40/span_Log out' is clicked on

2022-01-15 20:22:53 - [MESSAGE][PASSED] - Object: 'Object Repository/Page_KHTN Administration Users Accounts Bro_45ce40/span_Log out' is clicked on

2022-01-15 20:22:53 - [TEST_STEP][PASSED] - click(findTestObject("Object Repository/Page_HCMUS/a_Log in")): Object: 'Object Repository/Page_HCMUS/a_Log in' is clicked on

2022-01-15 20:22:53 - [MESSAGE][PASSED] - Object: 'Object Repository/Page_HCMUS/a_Log in' is clicked on

2022-01-15 20:22:53 - [TEST_STEP][PASSED] - setText(findTestObject("Object Repository/Page_HCMUS Log in to the site/input_Username_username"), username): Text 'student1' is set on object 'Object Repository/Page_HCMUS Log in to the site/input_Username_username'

2022-01-15 20:22:54 - [MESSAGE][PASSED] - Text 'student1' is set on object 'Object Repository/Page_HCMUS Log in to the site/input_Username_username'

2022-01-15 20:22:54 - [TEST_STEP][PASSED] - setText(findTestObject("Object Repository/Page_HCMUS Log in to the site/input_Password_password"), password): Text 'Mstudent1#' is set on object 'Object Repository/Page_HCMUS Log in to the site/input_Password_password'

2022-01-15 20:22:55 - [MESSAGE][PASSED] - Text 'Mstudent1#' is set on object 'Object Repository/Page_HCMUS Log in to the site/input_Password_password'

2022-01-15 20:22:55 - [TEST_STEP][PASSED] - click(findTestObject("Object Repository/Page_HCMUS Log in to the site/button_Log in")): Object: 'Object Repository/Page_HCMUS Log in to the site/button_Log in' is clicked on

2022-01-15 20:22:56 - [MESSAGE][PASSED] - Object: 'Object Repository/Page_HCMUS Log in to the site/button_Log in' is clicked on

2022-01-15 20:22:56 - [TEST_STEP][PASSED] - verifyElementVisible(findTestObject("Object Repository/Page_Dashboard/span_Student Waldrop")): Object 'Object Repository/Page_Dashboard/span_Student Waldrop' is visible

2022-01-15 20:22:57 - [MESSAGE][PASSED] - Object 'Object Repository/Page_Dashboard/span_Student Waldrop' is visible

2022-01-15 20:22:57 - [TEST_STEP][PASSED] - closeBrowser(): Browser is closed

2022-01-15 20:22:58 - [MESSAGE][PASSED] - Browser is closed]]></system-out>
         <system-err><![CDATA[]]></system-err>
      </testcase>
      <testcase name="Test Cases/7_tạo tài khoản user chính xác" time="23.182" classname="Test Cases/7_tạo tài khoản user chính xác" status="PASSED">
         <system-out><![CDATA[2022-01-15 20:22:58 - [TEST_CASE][PASSED] - Test Cases/7_tạo tài khoản user chính xác: Test Cases/7_tạo tài khoản user chính xác

2022-01-15 20:22:58 - [TEST_STEP][PASSED] - openBrowser(""): Browser is opened with url: ''

2022-01-15 20:22:58 - [MESSAGE][INFO] - Starting 'Chrome' driver

2022-01-15 20:22:58 - [MESSAGE][INFO] - Action delay is set to 0 milliseconds

2022-01-15 20:23:00 - [MESSAGE][PASSED] - Browser is opened with url: ''

2022-01-15 20:23:00 - [TEST_STEP][PASSED] - navigateToUrl("http://localhost/"): Navigate to 'http://localhost/' successfully

2022-01-15 20:23:00 - [MESSAGE][PASSED] - Navigate to 'http://localhost/' successfully

2022-01-15 20:23:00 - [TEST_STEP][PASSED] - click(findTestObject("Object Repository/Page_HCMUS/a_Log in")): Object: 'Object Repository/Page_HCMUS/a_Log in' is clicked on

2022-01-15 20:23:01 - [MESSAGE][PASSED] - Object: 'Object Repository/Page_HCMUS/a_Log in' is clicked on

2022-01-15 20:23:01 - [TEST_STEP][PASSED] - setText(findTestObject("Object Repository/Page_HCMUS Log in to the site/input_Username_username"), "admin"): Text 'admin' is set on object 'Object Repository/Page_HCMUS Log in to the site/input_Username_username'

2022-01-15 20:23:02 - [MESSAGE][PASSED] - Text 'admin' is set on object 'Object Repository/Page_HCMUS Log in to the site/input_Username_username'

2022-01-15 20:23:02 - [TEST_STEP][PASSED] - setEncryptedText(findTestObject("Object Repository/Page_HCMUS Log in to the site/input_Password_password"), "5MU2PI2jvJCK/lBTYOwt6g=="): Text ****** has been set on object 'Object Repository/Page_HCMUS Log in to the site/input_Password_password'

2022-01-15 20:23:02 - [MESSAGE][PASSED] - Text ****** has been set on object 'Object Repository/Page_HCMUS Log in to the site/input_Password_password'

2022-01-15 20:23:02 - [TEST_STEP][PASSED] - click(findTestObject("Object Repository/Page_HCMUS Log in to the site/button_Log in")): Object: 'Object Repository/Page_HCMUS Log in to the site/button_Log in' is clicked on

2022-01-15 20:23:03 - [MESSAGE][PASSED] - Object: 'Object Repository/Page_HCMUS Log in to the site/button_Log in' is clicked on

2022-01-15 20:23:03 - [TEST_STEP][PASSED] - click(findTestObject("Object Repository/Page_Dashboard/span_Site administration")): Object: 'Object Repository/Page_Dashboard/span_Site administration' is clicked on

2022-01-15 20:23:05 - [MESSAGE][PASSED] - Object: 'Object Repository/Page_Dashboard/span_Site administration' is clicked on

2022-01-15 20:23:05 - [TEST_STEP][PASSED] - click(findTestObject("Object Repository/Page_KHTN Administration Search/a_Users")): Object: 'Object Repository/Page_KHTN Administration Search/a_Users' is clicked on

2022-01-15 20:23:05 - [MESSAGE][PASSED] - Object: 'Object Repository/Page_KHTN Administration Search/a_Users' is clicked on

2022-01-15 20:23:05 - [TEST_STEP][PASSED] - click(findTestObject("Object Repository/Page_KHTN Administration Search/a_Add a new user")): Object: 'Object Repository/Page_KHTN Administration Search/a_Add a new user' is clicked on

2022-01-15 20:23:07 - [MESSAGE][PASSED] - Object: 'Object Repository/Page_KHTN Administration Search/a_Add a new user' is clicked on

2022-01-15 20:23:07 - [TEST_STEP][PASSED] - setText(findTestObject("Object Repository/Page_KHTN Administration Users Accounts Add_aad8ed/input_Username_username"), username): Text 'student2' is set on object 'Object Repository/Page_KHTN Administration Users Accounts Add_aad8ed/input_Username_username'

2022-01-15 20:23:08 - [MESSAGE][PASSED] - Text 'student2' is set on object 'Object Repository/Page_KHTN Administration Users Accounts Add_aad8ed/input_Username_username'

2022-01-15 20:23:08 - [TEST_STEP][PASSED] - click(findTestObject("Object Repository/Page_KHTN Administration Users Accounts Add_aad8ed/em_Click to enter text")): Object: 'Object Repository/Page_KHTN Administration Users Accounts Add_aad8ed/em_Click to enter text' is clicked on

2022-01-15 20:23:09 - [MESSAGE][PASSED] - Object: 'Object Repository/Page_KHTN Administration Users Accounts Add_aad8ed/em_Click to enter text' is clicked on

2022-01-15 20:23:09 - [TEST_STEP][PASSED] - setText(findTestObject("Object Repository/Page_KHTN Administration Users Accounts Add_aad8ed/input_New password_newpassword"), password): Text 'Mstudent2#' is set on object 'Object Repository/Page_KHTN Administration Users Accounts Add_aad8ed/input_New password_newpassword'

2022-01-15 20:23:10 - [MESSAGE][PASSED] - Text 'Mstudent2#' is set on object 'Object Repository/Page_KHTN Administration Users Accounts Add_aad8ed/input_New password_newpassword'

2022-01-15 20:23:10 - [TEST_STEP][PASSED] - setText(findTestObject("Object Repository/Page_KHTN Administration Users Accounts Add_aad8ed/input_First name_firstname"), firstname): Text 'Student' is set on object 'Object Repository/Page_KHTN Administration Users Accounts Add_aad8ed/input_First name_firstname'

2022-01-15 20:23:11 - [MESSAGE][PASSED] - Text 'Student' is set on object 'Object Repository/Page_KHTN Administration Users Accounts Add_aad8ed/input_First name_firstname'

2022-01-15 20:23:11 - [TEST_STEP][PASSED] - click(findTestObject("Object Repository/Page_KHTN Administration Users Accounts Add_aad8ed/div_Username                               _ccea4b")): Object: 'Object Repository/Page_KHTN Administration Users Accounts Add_aad8ed/div_Username                               _ccea4b' is clicked on

2022-01-15 20:23:11 - [MESSAGE][PASSED] - Object: 'Object Repository/Page_KHTN Administration Users Accounts Add_aad8ed/div_Username                               _ccea4b' is clicked on

2022-01-15 20:23:11 - [TEST_STEP][PASSED] - setText(findTestObject("Object Repository/Page_KHTN Administration Users Accounts Add_aad8ed/input_Surname_lastname"), lastname): Text 'Epperson' is set on object 'Object Repository/Page_KHTN Administration Users Accounts Add_aad8ed/input_Surname_lastname'

2022-01-15 20:23:12 - [MESSAGE][PASSED] - Text 'Epperson' is set on object 'Object Repository/Page_KHTN Administration Users Accounts Add_aad8ed/input_Surname_lastname'

2022-01-15 20:23:12 - [TEST_STEP][PASSED] - setText(findTestObject("Object Repository/Page_KHTN Administration Users Accounts Add_aad8ed/input_Email address_email"), email): Text 's2@example.com' is set on object 'Object Repository/Page_KHTN Administration Users Accounts Add_aad8ed/input_Email address_email'

2022-01-15 20:23:13 - [MESSAGE][PASSED] - Text 's2@example.com' is set on object 'Object Repository/Page_KHTN Administration Users Accounts Add_aad8ed/input_Email address_email'

2022-01-15 20:23:13 - [TEST_STEP][PASSED] - click(findTestObject("Object Repository/Page_KHTN Administration Users Accounts Add_aad8ed/input_Address_submitbutton")): Object: 'Object Repository/Page_KHTN Administration Users Accounts Add_aad8ed/input_Address_submitbutton' is clicked on

2022-01-15 20:23:14 - [MESSAGE][PASSED] - Object: 'Object Repository/Page_KHTN Administration Users Accounts Add_aad8ed/input_Address_submitbutton' is clicked on

2022-01-15 20:23:14 - [TEST_STEP][PASSED] - verifyElementVisible(findTestObject("Object Repository/Page_KHTN Administration Users Accounts Bro_45ce40/div_Changes saved")): Object 'Object Repository/Page_KHTN Administration Users Accounts Bro_45ce40/div_Changes saved' is visible

2022-01-15 20:23:15 - [MESSAGE][PASSED] - Object 'Object Repository/Page_KHTN Administration Users Accounts Bro_45ce40/div_Changes saved' is visible

2022-01-15 20:23:15 - [TEST_STEP][PASSED] - verifyElementVisible(findTestObject("Object Repository/Page_KHTN Administration Users Accounts Bro_45ce40/td_s1example.com")): Object 'Object Repository/Page_KHTN Administration Users Accounts Bro_45ce40/td_s1example.com' is visible

2022-01-15 20:23:15 - [MESSAGE][PASSED] - Object 'Object Repository/Page_KHTN Administration Users Accounts Bro_45ce40/td_s1example.com' is visible

2022-01-15 20:23:15 - [TEST_STEP][PASSED] - click(findTestObject("Object Repository/Page_KHTN Administration Users Accounts Bro_45ce40/a_Admin User")): Object: 'Object Repository/Page_KHTN Administration Users Accounts Bro_45ce40/a_Admin User' is clicked on

2022-01-15 20:23:16 - [MESSAGE][PASSED] - Object: 'Object Repository/Page_KHTN Administration Users Accounts Bro_45ce40/a_Admin User' is clicked on

2022-01-15 20:23:16 - [TEST_STEP][PASSED] - click(findTestObject("Object Repository/Page_KHTN Administration Users Accounts Bro_45ce40/span_Log out")): Object: 'Object Repository/Page_KHTN Administration Users Accounts Bro_45ce40/span_Log out' is clicked on

2022-01-15 20:23:16 - [MESSAGE][PASSED] - Object: 'Object Repository/Page_KHTN Administration Users Accounts Bro_45ce40/span_Log out' is clicked on

2022-01-15 20:23:16 - [TEST_STEP][PASSED] - click(findTestObject("Object Repository/Page_HCMUS/a_Log in")): Object: 'Object Repository/Page_HCMUS/a_Log in' is clicked on

2022-01-15 20:23:17 - [MESSAGE][PASSED] - Object: 'Object Repository/Page_HCMUS/a_Log in' is clicked on

2022-01-15 20:23:17 - [TEST_STEP][PASSED] - setText(findTestObject("Object Repository/Page_HCMUS Log in to the site/input_Username_username"), username): Text 'student2' is set on object 'Object Repository/Page_HCMUS Log in to the site/input_Username_username'

2022-01-15 20:23:18 - [MESSAGE][PASSED] - Text 'student2' is set on object 'Object Repository/Page_HCMUS Log in to the site/input_Username_username'

2022-01-15 20:23:18 - [TEST_STEP][PASSED] - setText(findTestObject("Object Repository/Page_HCMUS Log in to the site/input_Password_password"), password): Text 'Mstudent2#' is set on object 'Object Repository/Page_HCMUS Log in to the site/input_Password_password'

2022-01-15 20:23:18 - [MESSAGE][PASSED] - Text 'Mstudent2#' is set on object 'Object Repository/Page_HCMUS Log in to the site/input_Password_password'

2022-01-15 20:23:18 - [TEST_STEP][PASSED] - click(findTestObject("Object Repository/Page_HCMUS Log in to the site/button_Log in")): Object: 'Object Repository/Page_HCMUS Log in to the site/button_Log in' is clicked on

2022-01-15 20:23:19 - [MESSAGE][PASSED] - Object: 'Object Repository/Page_HCMUS Log in to the site/button_Log in' is clicked on

2022-01-15 20:23:19 - [TEST_STEP][PASSED] - verifyElementVisible(findTestObject("Object Repository/Page_Dashboard/span_Student Waldrop")): Object 'Object Repository/Page_Dashboard/span_Student Waldrop' is visible

2022-01-15 20:23:21 - [MESSAGE][PASSED] - Object 'Object Repository/Page_Dashboard/span_Student Waldrop' is visible

2022-01-15 20:23:21 - [TEST_STEP][PASSED] - closeBrowser(): Browser is closed

2022-01-15 20:23:21 - [MESSAGE][PASSED] - Browser is closed]]></system-out>
         <system-err><![CDATA[]]></system-err>
      </testcase>
      <testcase name="Test Cases/7_tạo tài khoản user chính xác" time="23.597" classname="Test Cases/7_tạo tài khoản user chính xác" status="PASSED">
         <system-out><![CDATA[2022-01-15 20:23:21 - [TEST_CASE][PASSED] - Test Cases/7_tạo tài khoản user chính xác: Test Cases/7_tạo tài khoản user chính xác

2022-01-15 20:23:22 - [TEST_STEP][PASSED] - openBrowser(""): Browser is opened with url: ''

2022-01-15 20:23:22 - [MESSAGE][INFO] - Starting 'Chrome' driver

2022-01-15 20:23:22 - [MESSAGE][INFO] - Action delay is set to 0 milliseconds

2022-01-15 20:23:23 - [MESSAGE][PASSED] - Browser is opened with url: ''

2022-01-15 20:23:23 - [TEST_STEP][PASSED] - navigateToUrl("http://localhost/"): Navigate to 'http://localhost/' successfully

2022-01-15 20:23:23 - [MESSAGE][PASSED] - Navigate to 'http://localhost/' successfully

2022-01-15 20:23:23 - [TEST_STEP][PASSED] - click(findTestObject("Object Repository/Page_HCMUS/a_Log in")): Object: 'Object Repository/Page_HCMUS/a_Log in' is clicked on

2022-01-15 20:23:24 - [MESSAGE][PASSED] - Object: 'Object Repository/Page_HCMUS/a_Log in' is clicked on

2022-01-15 20:23:24 - [TEST_STEP][PASSED] - setText(findTestObject("Object Repository/Page_HCMUS Log in to the site/input_Username_username"), "admin"): Text 'admin' is set on object 'Object Repository/Page_HCMUS Log in to the site/input_Username_username'

2022-01-15 20:23:25 - [MESSAGE][PASSED] - Text 'admin' is set on object 'Object Repository/Page_HCMUS Log in to the site/input_Username_username'

2022-01-15 20:23:25 - [TEST_STEP][PASSED] - setEncryptedText(findTestObject("Object Repository/Page_HCMUS Log in to the site/input_Password_password"), "5MU2PI2jvJCK/lBTYOwt6g=="): Text ****** has been set on object 'Object Repository/Page_HCMUS Log in to the site/input_Password_password'

2022-01-15 20:23:25 - [MESSAGE][PASSED] - Text ****** has been set on object 'Object Repository/Page_HCMUS Log in to the site/input_Password_password'

2022-01-15 20:23:25 - [TEST_STEP][PASSED] - click(findTestObject("Object Repository/Page_HCMUS Log in to the site/button_Log in")): Object: 'Object Repository/Page_HCMUS Log in to the site/button_Log in' is clicked on

2022-01-15 20:23:27 - [MESSAGE][PASSED] - Object: 'Object Repository/Page_HCMUS Log in to the site/button_Log in' is clicked on

2022-01-15 20:23:27 - [TEST_STEP][PASSED] - click(findTestObject("Object Repository/Page_Dashboard/span_Site administration")): Object: 'Object Repository/Page_Dashboard/span_Site administration' is clicked on

2022-01-15 20:23:28 - [MESSAGE][PASSED] - Object: 'Object Repository/Page_Dashboard/span_Site administration' is clicked on

2022-01-15 20:23:28 - [TEST_STEP][PASSED] - click(findTestObject("Object Repository/Page_KHTN Administration Search/a_Users")): Object: 'Object Repository/Page_KHTN Administration Search/a_Users' is clicked on

2022-01-15 20:23:29 - [MESSAGE][PASSED] - Object: 'Object Repository/Page_KHTN Administration Search/a_Users' is clicked on

2022-01-15 20:23:29 - [TEST_STEP][PASSED] - click(findTestObject("Object Repository/Page_KHTN Administration Search/a_Add a new user")): Object: 'Object Repository/Page_KHTN Administration Search/a_Add a new user' is clicked on

2022-01-15 20:23:30 - [MESSAGE][PASSED] - Object: 'Object Repository/Page_KHTN Administration Search/a_Add a new user' is clicked on

[...]

2022-01-15 21:07:53 - [MESSAGE][INFO] - [SELF-HEALING] Failed Locator: '//button[@id='yui_3_17_2_1_1641988112401_46']'.

2022-01-15 21:07:54 - [MESSAGE][INFO] - [SELF-HEALING] Failed Locator: '//div[@id='yui_3_17_2_1_1641988112401_26']/button'.

2022-01-15 21:07:54 - [MESSAGE][INFO] - [SELF-HEALING] Working Locator: '(.//*[normalize-space(text()) and normalize-space(.)='Closed:'])[1]/following::button[1]'.

2022-01-15 21:07:54 - [MESSAGE][INFO] - [SELF-HEALING] Screenshot: C:/Users/congt/git/Test-Automation-SE-Bonus/Reports/Self-healing/Object Repository/Page_Course Nhp mn tr tu nhn to/button_Done_neighbor.png

2022-01-15 21:07:54 - [MESSAGE][WARNING] - [SELF-HEALING] The current locator of test object 'Object Repository/Page_Course Nhp mn tr tu nhn to/button_Done' was broken. Propose an alternative one: '(.//*[normalize-space(text()) and normalize-space(.)='Closed:'])[1]/following::button[1]'.

2022-01-15 21:07:54 - [MESSAGE][PASSED] - Actual text and expected text of test object 'Object Repository/Page_Course Nhp mn tr tu nhn to/button_Done' are matched.

2022-01-15 21:07:54 - [TEST_STEP][PASSED] - closeBrowser(): Browser is closed

2022-01-15 21:07:55 - [MESSAGE][PASSED] - Browser is closed]]></system-out>
         <system-err><![CDATA[]]></system-err>
      </testcase>
      <testcase name="Test Cases/49_Giáo viên lock một discussion trong forum môn học" time="25.559" classname="Test Cases/49_Giáo viên lock một discussion trong forum môn học" status="PASSED">
         <system-out><![CDATA[2022-01-15 21:07:55 - [TEST_CASE][PASSED] - Test Cases/49_Giáo viên lock một discussion trong forum môn học: Test Cases/49_Giáo viên lock một discussion trong forum môn học

2022-01-15 21:07:55 - [TEST_STEP][PASSED] - openBrowser(""): Browser is opened with url: ''

2022-01-15 21:07:55 - [MESSAGE][INFO] - Starting 'Chrome' driver

2022-01-15 21:07:55 - [MESSAGE][INFO] - Action delay is set to 0 milliseconds

2022-01-15 21:07:56 - [MESSAGE][PASSED] - Browser is opened with url: ''

2022-01-15 21:07:56 - [TEST_STEP][PASSED] - navigateToUrl("http://localhost/"): Navigate to 'http://localhost/' successfully

2022-01-15 21:07:57 - [MESSAGE][PASSED] - Navigate to 'http://localhost/' successfully

2022-01-15 21:07:57 - [TEST_STEP][PASSED] - click(findTestObject("Object Repository/Page_HCMUS/a_Log in")): Object: 'Object Repository/Page_HCMUS/a_Log in' is clicked on

2022-01-15 21:07:58 - [MESSAGE][PASSED] - Object: 'Object Repository/Page_HCMUS/a_Log in' is clicked on

2022-01-15 21:07:58 - [TEST_STEP][PASSED] - setText(findTestObject("Object Repository/Page_HCMUS Log in to the site/input_Username_username"), "teacher1"): Text 'teacher1' is set on object 'Object Repository/Page_HCMUS Log in to the site/input_Username_username'

2022-01-15 21:07:58 - [MESSAGE][PASSED] - Text 'teacher1' is set on object 'Object Repository/Page_HCMUS Log in to the site/input_Username_username'

2022-01-15 21:07:58 - [TEST_STEP][PASSED] - setEncryptedText(findTestObject("Object Repository/Page_HCMUS Log in to the site/input_Password_password"), "iKb8CrY6A/iqm08K47hQLA=="): Text ****** has been set on object 'Object Repository/Page_HCMUS Log in to the site/input_Password_password'

2022-01-15 21:07:59 - [MESSAGE][PASSED] - Text ****** has been set on object 'Object Repository/Page_HCMUS Log in to the site/input_Password_password'

2022-01-15 21:07:59 - [TEST_STEP][PASSED] - click(findTestObject("Object Repository/Page_HCMUS Log in to the site/button_Log in")): Object: 'Object Repository/Page_HCMUS Log in to the site/button_Log in' is clicked on

2022-01-15 21:08:00 - [MESSAGE][PASSED] - Object: 'Object Repository/Page_HCMUS Log in to the site/button_Log in' is clicked on

2022-01-15 21:08:00 - [TEST_STEP][PASSED] - click(findTestObject("Object Repository/Page_Dashboard/span_Site home")): Object: 'Object Repository/Page_Dashboard/span_Site home' is clicked on

2022-01-15 21:08:01 - [MESSAGE][PASSED] - Object: 'Object Repository/Page_Dashboard/span_Site home' is clicked on

2022-01-15 21:08:01 - [TEST_STEP][PASSED] - click(findTestObject("Object Repository/Page_HCMUS/a_Nhp mn tr tu nhn to")): Object: 'Object Repository/Page_HCMUS/a_Nhp mn tr tu nhn to' is clicked on

2022-01-15 21:08:02 - [MESSAGE][PASSED] - Object: 'Object Repository/Page_HCMUS/a_Nhp mn tr tu nhn to' is clicked on

2022-01-15 21:08:02 - [TEST_STEP][PASSED] - click(findTestObject("Object Repository/Page_Course Nhp mn tr tu nhn to/span_Forum 1")): Object: 'Object Repository/Page_Course Nhp mn tr tu nhn to/span_Forum 1' is clicked on

2022-01-15 21:08:03 - [MESSAGE][PASSED] - Object: 'Object Repository/Page_Course Nhp mn tr tu nhn to/span_Forum 1' is clicked on

2022-01-15 21:08:03 - [TEST_STEP][PASSED] - click(findTestObject("Object Repository/Page_Forum 1/i_Subscribe to this discussion_icon fa fa-e_f628f6")): Object: 'Object Repository/Page_Forum 1/i_Subscribe to this discussion_icon fa fa-e_f628f6' is clicked on

2022-01-15 21:08:05 - [MESSAGE][PASSED] - Object: 'Object Repository/Page_Forum 1/i_Subscribe to this discussion_icon fa fa-e_f628f6' is clicked on

2022-01-15 21:08:05 - [TEST_STEP][PASSED] - click(findTestObject("Object Repository/Page_Forum 1/span_Lock this discussion")): Object: 'Object Repository/Page_Forum 1/span_Lock this discussion' is clicked on

2022-01-15 21:08:11 - [MESSAGE][INFO] - Unable to find the element located by 'By.xpath: //a[@id='yui_3_17_2_1_1641986967470_521']/span'. Please recheck the objects properties to make sure the desired element is located. 

2022-01-15 21:08:11 - [MESSAGE][WARNING] - [SELF-HEALING] Failed to find element with id 'Object Repository/Page_Forum 1/span_Lock this discussion'. Try using Self-healing.

2022-01-15 21:08:11 - [MESSAGE][INFO] - [SELF-HEALING] Failed Locator: '//a[@id='yui_3_17_2_1_1641986967470_521']/span'.

2022-01-15 21:08:11 - [MESSAGE][INFO] - [SELF-HEALING] Working Locator: '(.//*[normalize-space(text()) and normalize-space(.)='Unpin this discussion'])[1]/following::span[1]'.

2022-01-15 21:08:11 - [MESSAGE][INFO] - [SELF-HEALING] Screenshot: C:/Users/congt/git/Test-Automation-SE-Bonus/Reports/Self-healing/Object Repository/Page_Forum 1/span_Lock this discussion_neighbor.png

2022-01-15 21:08:11 - [MESSAGE][WARNING] - [SELF-HEALING] The current locator of test object 'Object Repository/Page_Forum 1/span_Lock this discussion' was broken. Propose an alternative one: '(.//*[normalize-space(text()) and normalize-space(.)='Unpin this discussion'])[1]/following::span[1]'.

2022-01-15 21:08:11 - [MESSAGE][PASSED] - Object: 'Object Repository/Page_Forum 1/span_Lock this discussion' is clicked on

2022-01-15 21:08:11 - [TEST_STEP][PASSED] - verifyElementVisible(findTestObject("Object Repository/Page_Forum 1/div_The lock option has been updated")): Object 'Object Repository/Page_Forum 1/div_The lock option has been updated' is visible

2022-01-15 21:08:13 - [MESSAGE][PASSED] - Object 'Object Repository/Page_Forum 1/div_The lock option has been updated' is visible

2022-01-15 21:08:13 - [TEST_STEP][PASSED] - verifyElementText(findTestObject("Object Repository/Page_Forum 1/span_Locked"), "Locked"): Actual text and expected text of test object 'Object Repository/Page_Forum 1/span_Locked' are matched.

2022-01-15 21:08:19 - [MESSAGE][INFO] - Unable to find the element located by 'By.xpath: //tr[@id='yui_3_17_2_1_1641986967470_506']/th/div/div/span'. Please recheck the objects properties to make sure the desired element is located. 

2022-01-15 21:08:19 - [MESSAGE][WARNING] - [SELF-HEALING] Failed to find element with id 'Object Repository/Page_Forum 1/span_Locked'. Try using Self-healing.

2022-01-15 21:08:19 - [MESSAGE][INFO] - [SELF-HEALING] Failed Locator: '//tr[@id='yui_3_17_2_1_1641986967470_506']/th/div/div/span'.

2022-01-15 21:08:19 - [MESSAGE][INFO] - [SELF-HEALING] Working Locator: '(.//*[normalize-space(text()) and normalize-space(.)='Topic 1'])[2]/following::span[1]'.

2022-01-15 21:08:20 - [MESSAGE][INFO] - [SELF-HEALING] Screenshot: C:/Users/congt/git/Test-Automation-SE-Bonus/Reports/Self-healing/Object Repository/Page_Forum 1/span_Locked_neighbor.png

2022-01-15 21:08:20 - [MESSAGE][WARNING] - [SELF-HEALING] The current locator of test object 'Object Repository/Page_Forum 1/span_Locked' was broken. Propose an alternative one: '(.//*[normalize-space(text()) and normalize-space(.)='Topic 1'])[2]/following::span[1]'.

2022-01-15 21:08:20 - [MESSAGE][PASSED] - Actual text and expected text of test object 'Object Repository/Page_Forum 1/span_Locked' are matched.

2022-01-15 21:08:20 - [TEST_STEP][PASSED] - closeBrowser(): Browser is closed

2022-01-15 21:08:20 - [MESSAGE][PASSED] - Browser is closed]]></system-out>
         <system-err><![CDATA[]]></system-err>
      </testcase>
      <testcase name="Test Cases/50_Sinh viên chỉnh sửa thông tin cá nhân của mình" time="12.345" classname="Test Cases/50_Sinh viên chỉnh sửa thông tin cá nhân của mình" status="PASSED">
         <system-out><![CDATA[2022-01-15 21:08:20 - [TEST_CASE][PASSED] - Test Cases/50_Sinh viên chỉnh sửa thông tin cá nhân của mình: Test Cases/50_Sinh viên chỉnh sửa thông tin cá nhân của mình

2022-01-15 21:08:21 - [TEST_STEP][PASSED] - openBrowser(""): Browser is opened with url: ''

2022-01-15 21:08:21 - [MESSAGE][INFO] - Starting 'Chrome' driver

2022-01-15 21:08:21 - [MESSAGE][INFO] - Action delay is set to 0 milliseconds

2022-01-15 21:08:22 - [MESSAGE][PASSED] - Browser is opened with url: ''

2022-01-15 21:08:22 - [TEST_STEP][PASSED] - navigateToUrl("http://localhost/"): Navigate to 'http://localhost/' successfully

2022-01-15 21:08:23 - [MESSAGE][PASSED] - Navigate to 'http://localhost/' successfully

2022-01-15 21:08:23 - [TEST_STEP][PASSED] - click(findTestObject("Object Repository/Page_HCMUS/a_Log in")): Object: 'Object Repository/Page_HCMUS/a_Log in' is clicked on

2022-01-15 21:08:23 - [MESSAGE][PASSED] - Object: 'Object Repository/Page_HCMUS/a_Log in' is clicked on

2022-01-15 21:08:23 - [TEST_STEP][PASSED] - setText(findTestObject("Object Repository/Page_HCMUS Log in to the site/input_Username_username"), "student1"): Text 'student1' is set on object 'Object Repository/Page_HCMUS Log in to the site/input_Username_username'

2022-01-15 21:08:24 - [MESSAGE][PASSED] - Text 'student1' is set on object 'Object Repository/Page_HCMUS Log in to the site/input_Username_username'

2022-01-15 21:08:24 - [TEST_STEP][PASSED] - setEncryptedText(findTestObject("Object Repository/Page_HCMUS Log in to the site/input_Password_password"), "xsue+lrReh6nSDZIylEEKg=="): Text ****** has been set on object 'Object Repository/Page_HCMUS Log in to the site/input_Password_password'

2022-01-15 21:08:24 - [MESSAGE][PASSED] - Text ****** has been set on object 'Object Repository/Page_HCMUS Log in to the site/input_Password_password'

2022-01-15 21:08:24 - [TEST_STEP][PASSED] - click(findTestObject("Object Repository/Page_HCMUS Log in to the site/button_Log in")): Object: 'Object Repository/Page_HCMUS Log in to the site/button_Log in' is clicked on

2022-01-15 21:08:25 - [MESSAGE][PASSED] - Object: 'Object Repository/Page_HCMUS Log in to the site/button_Log in' is clicked on

2022-01-15 21:08:25 - [TEST_STEP][PASSED] - click(findTestObject("Object Repository/Page_Dashboard/a_Student Waldrop")): Object: 'Object Repository/Page_Dashboard/a_Student Waldrop' is clicked on

2022-01-15 21:08:27 - [MESSAGE][PASSED] - Object: 'Object Repository/Page_Dashboard/a_Student Waldrop' is clicked on

2022-01-15 21:08:27 - [TEST_STEP][PASSED] - click(findTestObject("Object Repository/Page_Dashboard/span_Profile")): Object: 'Object Repository/Page_Dashboard/span_Profile' is clicked on

2022-01-15 21:08:28 - [MESSAGE][PASSED] - Object: 'Object Repository/Page_Dashboard/span_Profile' is clicked on

2022-01-15 21:08:28 - [TEST_STEP][PASSED] - click(findTestObject("Object Repository/Page_Student Waldrop Public profile/a_Edit profile")): Object: 'Object Repository/Page_Student Waldrop Public profile/a_Edit profile' is clicked on

2022-01-15 21:08:29 - [MESSAGE][PASSED] - Object: 'Object Repository/Page_Student Waldrop Public profile/a_Edit profile' is clicked on

2022-01-15 21:08:29 - [TEST_STEP][PASSED] - setText(findTestObject("Object Repository/Page_KHTN Edit profile/input_First name_firstname"), "S"): Text 'S' is set on object 'Object Repository/Page_KHTN Edit profile/input_First name_firstname'

2022-01-15 21:08:30 - [MESSAGE][PASSED] - Text 'S' is set on object 'Object Repository/Page_KHTN Edit profile/input_First name_firstname'

2022-01-15 21:08:30 - [TEST_STEP][PASSED] - click(findTestObject("Object Repository/Page_KHTN Edit profile/input_Address_submitbutton")): Object: 'Object Repository/Page_KHTN Edit profile/input_Address_submitbutton' is clicked on

2022-01-15 21:08:31 - [MESSAGE][PASSED] - Object: 'Object Repository/Page_KHTN Edit profile/input_Address_submitbutton' is clicked on

2022-01-15 21:08:31 - [TEST_STEP][PASSED] - verifyElementVisible(findTestObject("Object Repository/Page_S Waldrop Public profile/div_Changes saved")): Object 'Object Repository/Page_S Waldrop Public profile/div_Changes saved' is visible

2022-01-15 21:08:32 - [MESSAGE][PASSED] - Object 'Object Repository/Page_S Waldrop Public profile/div_Changes saved' is visible

2022-01-15 21:08:32 - [TEST_STEP][PASSED] - verifyElementText(findTestObject("Object Repository/Page_S Waldrop Public profile/h1_S Waldrop"), "S Waldrop"): Actual text and expected text of test object 'Object Repository/Page_S Waldrop Public profile/h1_S Waldrop' are matched.

2022-01-15 21:08:32 - [MESSAGE][PASSED] - Actual text and expected text of test object 'Object Repository/Page_S Waldrop Public profile/h1_S Waldrop' are matched.

2022-01-15 21:08:32 - [TEST_STEP][PASSED] - closeBrowser(): Browser is closed

2022-01-15 21:08:33 - [MESSAGE][PASSED] - Browser is closed]]></system-out>
         <system-err><![CDATA[]]></system-err>
      </testcase>
      <system-out><![CDATA[2022-01-15 20:19:41 - [TEST_SUITE][FAILED] - Run all test cases: Test Cases/26_Sinh viên mở đề tài thảo luận không có tiêu đề FAILED.
Reason:
com.kms.katalon.core.exception.StepFailedException: Verify element text of test object 'Object Repository/Page_Forum 1/div_- Required' FAILED.
	at com.kms.katalon.core.webui.keyword.internal.WebUIKeywordMain.stepFailed(WebUIKeywordMain.groovy:64)
	at com.kms.katalon.core.webui.keyword.internal.WebUIKeywordMain.runKeyword(WebUIKeywordMain.groovy:26)
	at com.kms.katalon.core.webui.keyword.builtin.VerifyElementTextKeyword.verifyElementText(VerifyElementTextKeyword.groovy:72)
	at com.kms.katalon.core.webui.keyword.builtin.VerifyElementTextKeyword.execute(VerifyElementTextKeyword.groovy:40)
	at com.kms.katalon.core.keyword.internal.KeywordExecutor.executeKeywordForPlatform(KeywordExecutor.groovy:74)
	at com.kms.katalon.core.webui.keyword.WebUiBuiltInKeywords.verifyElementText(WebUiBuiltInKeywords.groovy:4749)
	at com.kms.katalon.core.webui.keyword.WebUiBuiltInKeywords$verifyElementText$7.call(Unknown Source)
	at 26_Sinh viên mở đề tài thảo luận không có tiêu đề.run(26_Sinh viên mở đề tài thảo luận không có tiêu đề:40)
	at com.kms.katalon.core.main.ScriptEngine.run(ScriptEngine.java:194)
	at com.kms.katalon.core.main.ScriptEngine.runScriptAsRawText(ScriptEngine.java:119)
	at com.kms.katalon.core.main.TestCaseExecutor.runScript(TestCaseExecutor.java:442)
	at com.kms.katalon.core.main.TestCaseExecutor.doExecute(TestCaseExecutor.java:433)
	at com.kms.katalon.core.main.TestCaseExecutor.processExecutionPhase(TestCaseExecutor.java:412)
	at com.kms.katalon.core.main.TestCaseExecutor.accessMainPhase(TestCaseExecutor.java:404)
	at com.kms.katalon.core.main.TestCaseExecutor.execute(TestCaseExecutor.java:281)
	at com.kms.katalon.core.main.TestSuiteExecutor.accessTestCaseMainPhase(TestSuiteExecutor.java:202)
	at com.kms.katalon.core.main.TestSuiteExecutor.accessTestSuiteMainPhase(TestSuiteExecutor.java:164)
	at com.kms.katalon.core.main.TestSuiteExecutor.execute(TestSuiteExecutor.java:105)
	at com.kms.katalon.core.main.TestCaseMain.startTestSuite(TestCaseMain.java:181)
	at com.kms.katalon.core.main.TestCaseMain$startTestSuite$0.call(Unknown Source)
	at TempTestSuite1642252772380.run(TempTestSuite1642252772380.groovy:36)
Caused by: com.kms.katalon.core.exception.StepFailedException: Actual text 'Error' and expected text '- Required' of test object 'Object Repository/Page_Forum 1/div_- Required' are NOT matched.
	at com.kms.katalon.core.webui.keyword.internal.WebUIKeywordMain.stepFailed(WebUIKeywordMain.groovy:64)
	at com.kms.katalon.core.webui.keyword.builtin.VerifyElementTextKeyword$_verifyElementText_closure1.doCall(VerifyElementTextKeyword.groovy:57)
	at com.kms.katalon.core.webui.keyword.builtin.VerifyElementTextKeyword$_verifyElementText_closure1.call(VerifyElementTextKeyword.groovy)
	at com.kms.katalon.core.webui.keyword.internal.WebUIKeywordMain.runKeyword(WebUIKeywordMain.groovy:20)
	... 19 more]]></system-out>
      <system-err><![CDATA[2022-01-15 20:19:41 - [TEST_SUITE][FAILED] - Run all test cases: Test Cases/26_Sinh viên mở đề tài thảo luận không có tiêu đề FAILED.
Reason:
com.kms.katalon.core.exception.StepFailedException: Verify element text of test object 'Object Repository/Page_Forum 1/div_- Required' FAILED.
	at com.kms.katalon.core.webui.keyword.internal.WebUIKeywordMain.stepFailed(WebUIKeywordMain.groovy:64)
	at com.kms.katalon.core.webui.keyword.internal.WebUIKeywordMain.runKeyword(WebUIKeywordMain.groovy:26)
	at com.kms.katalon.core.webui.keyword.builtin.VerifyElementTextKeyword.verifyElementText(VerifyElementTextKeyword.groovy:72)
	at com.kms.katalon.core.webui.keyword.builtin.VerifyElementTextKeyword.execute(VerifyElementTextKeyword.groovy:40)
	at com.kms.katalon.core.keyword.internal.KeywordExecutor.executeKeywordForPlatform(KeywordExecutor.groovy:74)
	at com.kms.katalon.core.webui.keyword.WebUiBuiltInKeywords.verifyElementText(WebUiBuiltInKeywords.groovy:4749)
	at com.kms.katalon.core.webui.keyword.WebUiBuiltInKeywords$verifyElementText$7.call(Unknown Source)
	at 26_Sinh viên mở đề tài thảo luận không có tiêu đề.run(26_Sinh viên mở đề tài thảo luận không có tiêu đề:40)
	at com.kms.katalon.core.main.ScriptEngine.run(ScriptEngine.java:194)
	at com.kms.katalon.core.main.ScriptEngine.runScriptAsRawText(ScriptEngine.java:119)
	at com.kms.katalon.core.main.TestCaseExecutor.runScript(TestCaseExecutor.java:442)
	at com.kms.katalon.core.main.TestCaseExecutor.doExecute(TestCaseExecutor.java:433)
	at com.kms.katalon.core.main.TestCaseExecutor.processExecutionPhase(TestCaseExecutor.java:412)
	at com.kms.katalon.core.main.TestCaseExecutor.accessMainPhase(TestCaseExecutor.java:404)
	at com.kms.katalon.core.main.TestCaseExecutor.execute(TestCaseExecutor.java:281)
	at com.kms.katalon.core.main.TestSuiteExecutor.accessTestCaseMainPhase(TestSuiteExecutor.java:202)
	at com.kms.katalon.core.main.TestSuiteExecutor.accessTestSuiteMainPhase(TestSuiteExecutor.java:164)
	at com.kms.katalon.core.main.TestSuiteExecutor.execute(TestSuiteExecutor.java:105)
	at com.kms.katalon.core.main.TestCaseMain.startTestSuite(TestCaseMain.java:181)
	at com.kms.katalon.core.main.TestCaseMain$startTestSuite$0.call(Unknown Source)
	at TempTestSuite1642252772380.run(TempTestSuite1642252772380.groovy:36)
Caused by: com.kms.katalon.core.exception.StepFailedException: Actual text 'Error' and expected text '- Required' of test object 'Object Repository/Page_Forum 1/div_- Required' are NOT matched.
	at com.kms.katalon.core.webui.keyword.internal.WebUIKeywordMain.stepFailed(WebUIKeywordMain.groovy:64)
	at com.kms.katalon.core.webui.keyword.builtin.VerifyElementTextKeyword$_verifyElementText_closure1.doCall(VerifyElementTextKeyword.groovy:57)
	at com.kms.katalon.core.webui.keyword.builtin.VerifyElementTextKeyword$_verifyElementText_closure1.call(VerifyElementTextKeyword.groovy)
	at com.kms.katalon.core.webui.keyword.internal.WebUIKeywordMain.runKeyword(WebUIKeywordMain.groovy:20)
	... 19 more]]></system-err>
   </testsuite>
</testsuites>
